cuda:3
model: resnet
defining resnet
labels file exists
96
=> loading checkpoint
total_trainable_parameters are : 0.0M
/usr/lib/python3/dist-packages/requests/__init__.py:91: RequestsDependencyWarning: urllib3 (1.26.7) or chardet (3.0.4) doesn't match a supported version!
  RequestsDependencyWarning)
correct are 0.419
              precision    recall  f1-score   support

           0       0.05      0.33      0.09        97
           1       0.94      0.22      0.36      2015
           2       0.42      0.85      0.56       948

    accuracy                           0.42      3060
   macro avg       0.47      0.47      0.33      3060
weighted avg       0.75      0.42      0.41      3060

class-wise
[0.04892966 0.94468085 0.41632231]
[0.32989691 0.22034739 0.85021097]
[0.08521971 0.35734406 0.55894591]
avg-out
0.4699776095739931
0.4668184240738576
0.3338365599680155
