cuda:4
model: exlnet
defining exlnet
218
44
25
total_trainable_parameters are : 0.14M
/usr/lib/python3/dist-packages/requests/__init__.py:91: RequestsDependencyWarning: urllib3 (1.26.7) or chardet (3.0.4) doesn't match a supported version!
  RequestsDependencyWarning)
/DATA/sharma59/.local/lib/python3.7/site-packages/pydicom/pixel_data_handlers/numpy_handler.py:327: UserWarning: The odd length pixel data is missing a trailing padding byte
  "The odd length pixel data is missing a trailing padding byte"
/DATA/sharma59/.local/lib/python3.7/site-packages/pydicom/pixel_data_handlers/numpy_handler.py:327: UserWarning: The odd length pixel data is missing a trailing padding byte
  "The odd length pixel data is missing a trailing padding byte"
/DATA/sharma59/.local/lib/python3.7/site-packages/torch/nn/functional.py:718: UserWarning: Named tensors and all their associated APIs are an experimental feature and subject to change. Please do not use them for anything important until they are released as stable. (Triggered internally at  /pytorch/c10/core/TensorImpl.h:1156.)
  return torch.max_pool2d(input, kernel_size, stride, padding, dilation, ceil_mode)
[W pthreadpool-cpp.cc:90] Warning: Leaking Caffe2 thread-pool after fork. (function pthreadpool)
[W pthreadpool-cpp.cc:90] Warning: Leaking Caffe2 thread-pool after fork. (function pthreadpool)
[W pthreadpool-cpp.cc:90] Warning: Leaking Caffe2 thread-pool after fork. (function pthreadpool)
[W pthreadpool-cpp.cc:90] Warning: Leaking Caffe2 thread-pool after fork. (function pthreadpool)
=> saving checkpoint
epoch:[1/30], TrainAcc:0.672, TrainLoss:0.621, ValAcc:0.669, ValLoss:0.608
[W pthreadpool-cpp.cc:90] Warning: Leaking Caffe2 thread-pool after fork. (function pthreadpool)
[W pthreadpool-cpp.cc:90] Warning: Leaking Caffe2 thread-pool after fork. (function pthreadpool)
[W pthreadpool-cpp.cc:90] Warning: Leaking Caffe2 thread-pool after fork. (function pthreadpool)
[W pthreadpool-cpp.cc:90] Warning: Leaking Caffe2 thread-pool after fork. (function pthreadpool)
/DATA/sharma59/.local/lib/python3.7/site-packages/pydicom/pixel_data_handlers/numpy_handler.py:327: UserWarning: The odd length pixel data is missing a trailing padding byte
  "The odd length pixel data is missing a trailing padding byte"
/DATA/sharma59/.local/lib/python3.7/site-packages/pydicom/pixel_data_handlers/numpy_handler.py:327: UserWarning: The odd length pixel data is missing a trailing padding byte
  "The odd length pixel data is missing a trailing padding byte"
[W pthreadpool-cpp.cc:90] Warning: Leaking Caffe2 thread-pool after fork. (function pthreadpool)
[W pthreadpool-cpp.cc:90] Warning: Leaking Caffe2 thread-pool after fork. (function pthreadpool)
[W pthreadpool-cpp.cc:90] Warning: Leaking Caffe2 thread-pool after fork. (function pthreadpool)
[W pthreadpool-cpp.cc:90] Warning: Leaking Caffe2 thread-pool after fork. (function pthreadpool)
epoch:[2/30], TrainAcc:0.684, TrainLoss:0.607, ValAcc:0.663, ValLoss:0.618
[W pthreadpool-cpp.cc:90] Warning: Leaking Caffe2 thread-pool after fork. (function pthreadpool)
[W pthreadpool-cpp.cc:90] Warning: Leaking Caffe2 thread-pool after fork. (function pthreadpool)
[W pthreadpool-cpp.cc:90] Warning: Leaking Caffe2 thread-pool after fork. (function pthreadpool)
[W pthreadpool-cpp.cc:90] Warning: Leaking Caffe2 thread-pool after fork. (function pthreadpool)
/DATA/sharma59/.local/lib/python3.7/site-packages/pydicom/pixel_data_handlers/numpy_handler.py:327: UserWarning: The odd length pixel data is missing a trailing padding byte
  "The odd length pixel data is missing a trailing padding byte"
/DATA/sharma59/.local/lib/python3.7/site-packages/pydicom/pixel_data_handlers/numpy_handler.py:327: UserWarning: The odd length pixel data is missing a trailing padding byte
  "The odd length pixel data is missing a trailing padding byte"
/DATA/sharma59/.local/lib/python3.7/site-packages/pydicom/pixel_data_handlers/numpy_handler.py:327: UserWarning: The odd length pixel data is missing a trailing padding byte
  "The odd length pixel data is missing a trailing padding byte"
[W pthreadpool-cpp.cc:90] Warning: Leaking Caffe2 thread-pool after fork. (function pthreadpool)
[W pthreadpool-cpp.cc:90] Warning: Leaking Caffe2 thread-pool after fork. (function pthreadpool)
[W pthreadpool-cpp.cc:90] Warning: Leaking Caffe2 thread-pool after fork. (function pthreadpool)
[W pthreadpool-cpp.cc:90] Warning: Leaking Caffe2 thread-pool after fork. (function pthreadpool)
epoch:[3/30], TrainAcc:0.687, TrainLoss:0.600, ValAcc:0.656, ValLoss:0.617
[W pthreadpool-cpp.cc:90] Warning: Leaking Caffe2 thread-pool after fork. (function pthreadpool)
[W pthreadpool-cpp.cc:90] Warning: Leaking Caffe2 thread-pool after fork. (function pthreadpool)
[W pthreadpool-cpp.cc:90] Warning: Leaking Caffe2 thread-pool after fork. (function pthreadpool)
[W pthreadpool-cpp.cc:90] Warning: Leaking Caffe2 thread-pool after fork. (function pthreadpool)
/DATA/sharma59/.local/lib/python3.7/site-packages/pydicom/pixel_data_handlers/numpy_handler.py:327: UserWarning: The odd length pixel data is missing a trailing padding byte
  "The odd length pixel data is missing a trailing padding byte"
/DATA/sharma59/.local/lib/python3.7/site-packages/pydicom/pixel_data_handlers/numpy_handler.py:327: UserWarning: The odd length pixel data is missing a trailing padding byte
  "The odd length pixel data is missing a trailing padding byte"
/DATA/sharma59/.local/lib/python3.7/site-packages/pydicom/pixel_data_handlers/numpy_handler.py:327: UserWarning: The odd length pixel data is missing a trailing padding byte
  "The odd length pixel data is missing a trailing padding byte"
[W pthreadpool-cpp.cc:90] Warning: Leaking Caffe2 thread-pool after fork. (function pthreadpool)
[W pthreadpool-cpp.cc:90] Warning: Leaking Caffe2 thread-pool after fork. (function pthreadpool)
[W pthreadpool-cpp.cc:90] Warning: Leaking Caffe2 thread-pool after fork. (function pthreadpool)
[W pthreadpool-cpp.cc:90] Warning: Leaking Caffe2 thread-pool after fork. (function pthreadpool)
=> saving checkpoint
epoch:[4/30], TrainAcc:0.690, TrainLoss:0.589, ValAcc:0.684, ValLoss:0.634
[W pthreadpool-cpp.cc:90] Warning: Leaking Caffe2 thread-pool after fork. (function pthreadpool)
[W pthreadpool-cpp.cc:90] Warning: Leaking Caffe2 thread-pool after fork. (function pthreadpool)
[W pthreadpool-cpp.cc:90] Warning: Leaking Caffe2 thread-pool after fork. (function pthreadpool)
[W pthreadpool-cpp.cc:90] Warning: Leaking Caffe2 thread-pool after fork. (function pthreadpool)
/DATA/sharma59/.local/lib/python3.7/site-packages/pydicom/pixel_data_handlers/numpy_handler.py:327: UserWarning: The odd length pixel data is missing a trailing padding byte
  "The odd length pixel data is missing a trailing padding byte"
/DATA/sharma59/.local/lib/python3.7/site-packages/pydicom/pixel_data_handlers/numpy_handler.py:327: UserWarning: The odd length pixel data is missing a trailing padding byte
  "The odd length pixel data is missing a trailing padding byte"
[W pthreadpool-cpp.cc:90] Warning: Leaking Caffe2 thread-pool after fork. (function pthreadpool)
[W pthreadpool-cpp.cc:90] Warning: Leaking Caffe2 thread-pool after fork. (function pthreadpool)
[W pthreadpool-cpp.cc:90] Warning: Leaking Caffe2 thread-pool after fork. (function pthreadpool)
[W pthreadpool-cpp.cc:90] Warning: Leaking Caffe2 thread-pool after fork. (function pthreadpool)
epoch:[5/30], TrainAcc:0.690, TrainLoss:0.585, ValAcc:0.667, ValLoss:0.606
[W pthreadpool-cpp.cc:90] Warning: Leaking Caffe2 thread-pool after fork. (function pthreadpool)
[W pthreadpool-cpp.cc:90] Warning: Leaking Caffe2 thread-pool after fork. (function pthreadpool)
[W pthreadpool-cpp.cc:90] Warning: Leaking Caffe2 thread-pool after fork. (function pthreadpool)
[W pthreadpool-cpp.cc:90] Warning: Leaking Caffe2 thread-pool after fork. (function pthreadpool)
/DATA/sharma59/.local/lib/python3.7/site-packages/pydicom/pixel_data_handlers/numpy_handler.py:327: UserWarning: The odd length pixel data is missing a trailing padding byte
  "The odd length pixel data is missing a trailing padding byte"
/DATA/sharma59/.local/lib/python3.7/site-packages/pydicom/pixel_data_handlers/numpy_handler.py:327: UserWarning: The odd length pixel data is missing a trailing padding byte
  "The odd length pixel data is missing a trailing padding byte"
/DATA/sharma59/.local/lib/python3.7/site-packages/pydicom/pixel_data_handlers/numpy_handler.py:327: UserWarning: The odd length pixel data is missing a trailing padding byte
  "The odd length pixel data is missing a trailing padding byte"
[W pthreadpool-cpp.cc:90] Warning: Leaking Caffe2 thread-pool after fork. (function pthreadpool)
[W pthreadpool-cpp.cc:90] Warning: Leaking Caffe2 thread-pool after fork. (function pthreadpool)
[W pthreadpool-cpp.cc:90] Warning: Leaking Caffe2 thread-pool after fork. (function pthreadpool)
[W pthreadpool-cpp.cc:90] Warning: Leaking Caffe2 thread-pool after fork. (function pthreadpool)
epoch:[6/30], TrainAcc:0.699, TrainLoss:0.581, ValAcc:0.643, ValLoss:0.633
[W pthreadpool-cpp.cc:90] Warning: Leaking Caffe2 thread-pool after fork. (function pthreadpool)
[W pthreadpool-cpp.cc:90] Warning: Leaking Caffe2 thread-pool after fork. (function pthreadpool)
[W pthreadpool-cpp.cc:90] Warning: Leaking Caffe2 thread-pool after fork. (function pthreadpool)
[W pthreadpool-cpp.cc:90] Warning: Leaking Caffe2 thread-pool after fork. (function pthreadpool)
/DATA/sharma59/.local/lib/python3.7/site-packages/pydicom/pixel_data_handlers/numpy_handler.py:327: UserWarning: The odd length pixel data is missing a trailing padding byte
  "The odd length pixel data is missing a trailing padding byte"
/DATA/sharma59/.local/lib/python3.7/site-packages/pydicom/pixel_data_handlers/numpy_handler.py:327: UserWarning: The odd length pixel data is missing a trailing padding byte
  "The odd length pixel data is missing a trailing padding byte"
/DATA/sharma59/.local/lib/python3.7/site-packages/pydicom/pixel_data_handlers/numpy_handler.py:327: UserWarning: The odd length pixel data is missing a trailing padding byte
  "The odd length pixel data is missing a trailing padding byte"
[W pthreadpool-cpp.cc:90] Warning: Leaking Caffe2 thread-pool after fork. (function pthreadpool)
[W pthreadpool-cpp.cc:90] Warning: Leaking Caffe2 thread-pool after fork. (function pthreadpool)
[W pthreadpool-cpp.cc:90] Warning: Leaking Caffe2 thread-pool after fork. (function pthreadpool)
[W pthreadpool-cpp.cc:90] Warning: Leaking Caffe2 thread-pool after fork. (function pthreadpool)
epoch:[7/30], TrainAcc:0.699, TrainLoss:0.577, ValAcc:0.678, ValLoss:0.620
[W pthreadpool-cpp.cc:90] Warning: Leaking Caffe2 thread-pool after fork. (function pthreadpool)
[W pthreadpool-cpp.cc:90] Warning: Leaking Caffe2 thread-pool after fork. (function pthreadpool)
[W pthreadpool-cpp.cc:90] Warning: Leaking Caffe2 thread-pool after fork. (function pthreadpool)
[W pthreadpool-cpp.cc:90] Warning: Leaking Caffe2 thread-pool after fork. (function pthreadpool)
/DATA/sharma59/.local/lib/python3.7/site-packages/pydicom/pixel_data_handlers/numpy_handler.py:327: UserWarning: The odd length pixel data is missing a trailing padding byte
  "The odd length pixel data is missing a trailing padding byte"
/DATA/sharma59/.local/lib/python3.7/site-packages/pydicom/pixel_data_handlers/numpy_handler.py:327: UserWarning: The odd length pixel data is missing a trailing padding byte
  "The odd length pixel data is missing a trailing padding byte"
/DATA/sharma59/.local/lib/python3.7/site-packages/pydicom/pixel_data_handlers/numpy_handler.py:327: UserWarning: The odd length pixel data is missing a trailing padding byte
  "The odd length pixel data is missing a trailing padding byte"
[W pthreadpool-cpp.cc:90] Warning: Leaking Caffe2 thread-pool after fork. (function pthreadpool)
[W pthreadpool-cpp.cc:90] Warning: Leaking Caffe2 thread-pool after fork. (function pthreadpool)
[W pthreadpool-cpp.cc:90] Warning: Leaking Caffe2 thread-pool after fork. (function pthreadpool)
[W pthreadpool-cpp.cc:90] Warning: Leaking Caffe2 thread-pool after fork. (function pthreadpool)
=> saving checkpoint
epoch:[8/30], TrainAcc:0.701, TrainLoss:0.575, ValAcc:0.687, ValLoss:0.622
[W pthreadpool-cpp.cc:90] Warning: Leaking Caffe2 thread-pool after fork. (function pthreadpool)
[W pthreadpool-cpp.cc:90] Warning: Leaking Caffe2 thread-pool after fork. (function pthreadpool)
[W pthreadpool-cpp.cc:90] Warning: Leaking Caffe2 thread-pool after fork. (function pthreadpool)
[W pthreadpool-cpp.cc:90] Warning: Leaking Caffe2 thread-pool after fork. (function pthreadpool)
/DATA/sharma59/.local/lib/python3.7/site-packages/pydicom/pixel_data_handlers/numpy_handler.py:327: UserWarning: The odd length pixel data is missing a trailing padding byte
  "The odd length pixel data is missing a trailing padding byte"
/DATA/sharma59/.local/lib/python3.7/site-packages/pydicom/pixel_data_handlers/numpy_handler.py:327: UserWarning: The odd length pixel data is missing a trailing padding byte
  "The odd length pixel data is missing a trailing padding byte"
/DATA/sharma59/.local/lib/python3.7/site-packages/pydicom/pixel_data_handlers/numpy_handler.py:327: UserWarning: The odd length pixel data is missing a trailing padding byte
  "The odd length pixel data is missing a trailing padding byte"
[W pthreadpool-cpp.cc:90] Warning: Leaking Caffe2 thread-pool after fork. (function pthreadpool)
[W pthreadpool-cpp.cc:90] Warning: Leaking Caffe2 thread-pool after fork. (function pthreadpool)
[W pthreadpool-cpp.cc:90] Warning: Leaking Caffe2 thread-pool after fork. (function pthreadpool)
[W pthreadpool-cpp.cc:90] Warning: Leaking Caffe2 thread-pool after fork. (function pthreadpool)
epoch:[9/30], TrainAcc:0.707, TrainLoss:0.571, ValAcc:0.674, ValLoss:0.597
[W pthreadpool-cpp.cc:90] Warning: Leaking Caffe2 thread-pool after fork. (function pthreadpool)
[W pthreadpool-cpp.cc:90] Warning: Leaking Caffe2 thread-pool after fork. (function pthreadpool)
[W pthreadpool-cpp.cc:90] Warning: Leaking Caffe2 thread-pool after fork. (function pthreadpool)
[W pthreadpool-cpp.cc:90] Warning: Leaking Caffe2 thread-pool after fork. (function pthreadpool)
/DATA/sharma59/.local/lib/python3.7/site-packages/pydicom/pixel_data_handlers/numpy_handler.py:327: UserWarning: The odd length pixel data is missing a trailing padding byte
  "The odd length pixel data is missing a trailing padding byte"
/DATA/sharma59/.local/lib/python3.7/site-packages/pydicom/pixel_data_handlers/numpy_handler.py:327: UserWarning: The odd length pixel data is missing a trailing padding byte
  "The odd length pixel data is missing a trailing padding byte"
/DATA/sharma59/.local/lib/python3.7/site-packages/pydicom/pixel_data_handlers/numpy_handler.py:327: UserWarning: The odd length pixel data is missing a trailing padding byte
  "The odd length pixel data is missing a trailing padding byte"
/DATA/sharma59/.local/lib/python3.7/site-packages/pydicom/pixel_data_handlers/numpy_handler.py:327: UserWarning: The odd length pixel data is missing a trailing padding byte
  "The odd length pixel data is missing a trailing padding byte"
[W pthreadpool-cpp.cc:90] Warning: Leaking Caffe2 thread-pool after fork. (function pthreadpool)
[W pthreadpool-cpp.cc:90] Warning: Leaking Caffe2 thread-pool after fork. (function pthreadpool)
[W pthreadpool-cpp.cc:90] Warning: Leaking Caffe2 thread-pool after fork. (function pthreadpool)
[W pthreadpool-cpp.cc:90] Warning: Leaking Caffe2 thread-pool after fork. (function pthreadpool)
epoch:[10/30], TrainAcc:0.716, TrainLoss:0.560, ValAcc:0.655, ValLoss:0.620
[W pthreadpool-cpp.cc:90] Warning: Leaking Caffe2 thread-pool after fork. (function pthreadpool)
[W pthreadpool-cpp.cc:90] Warning: Leaking Caffe2 thread-pool after fork. (function pthreadpool)
[W pthreadpool-cpp.cc:90] Warning: Leaking Caffe2 thread-pool after fork. (function pthreadpool)
[W pthreadpool-cpp.cc:90] Warning: Leaking Caffe2 thread-pool after fork. (function pthreadpool)
/DATA/sharma59/.local/lib/python3.7/site-packages/pydicom/pixel_data_handlers/numpy_handler.py:327: UserWarning: The odd length pixel data is missing a trailing padding byte
  "The odd length pixel data is missing a trailing padding byte"
/DATA/sharma59/.local/lib/python3.7/site-packages/pydicom/pixel_data_handlers/numpy_handler.py:327: UserWarning: The odd length pixel data is missing a trailing padding byte
  "The odd length pixel data is missing a trailing padding byte"
[W pthreadpool-cpp.cc:90] Warning: Leaking Caffe2 thread-pool after fork. (function pthreadpool)
[W pthreadpool-cpp.cc:90] Warning: Leaking Caffe2 thread-pool after fork. (function pthreadpool)
[W pthreadpool-cpp.cc:90] Warning: Leaking Caffe2 thread-pool after fork. (function pthreadpool)
[W pthreadpool-cpp.cc:90] Warning: Leaking Caffe2 thread-pool after fork. (function pthreadpool)
epoch:[11/30], TrainAcc:0.713, TrainLoss:0.562, ValAcc:0.670, ValLoss:0.647
[W pthreadpool-cpp.cc:90] Warning: Leaking Caffe2 thread-pool after fork. (function pthreadpool)
[W pthreadpool-cpp.cc:90] Warning: Leaking Caffe2 thread-pool after fork. (function pthreadpool)
[W pthreadpool-cpp.cc:90] Warning: Leaking Caffe2 thread-pool after fork. (function pthreadpool)
[W pthreadpool-cpp.cc:90] Warning: Leaking Caffe2 thread-pool after fork. (function pthreadpool)
/DATA/sharma59/.local/lib/python3.7/site-packages/pydicom/pixel_data_handlers/numpy_handler.py:327: UserWarning: The odd length pixel data is missing a trailing padding byte
  "The odd length pixel data is missing a trailing padding byte"
/DATA/sharma59/.local/lib/python3.7/site-packages/pydicom/pixel_data_handlers/numpy_handler.py:327: UserWarning: The odd length pixel data is missing a trailing padding byte
  "The odd length pixel data is missing a trailing padding byte"
/DATA/sharma59/.local/lib/python3.7/site-packages/pydicom/pixel_data_handlers/numpy_handler.py:327: UserWarning: The odd length pixel data is missing a trailing padding byte
  "The odd length pixel data is missing a trailing padding byte"
[W pthreadpool-cpp.cc:90] Warning: Leaking Caffe2 thread-pool after fork. (function pthreadpool)
[W pthreadpool-cpp.cc:90] Warning: Leaking Caffe2 thread-pool after fork. (function pthreadpool)
[W pthreadpool-cpp.cc:90] Warning: Leaking Caffe2 thread-pool after fork. (function pthreadpool)
[W pthreadpool-cpp.cc:90] Warning: Leaking Caffe2 thread-pool after fork. (function pthreadpool)
epoch:[12/30], TrainAcc:0.717, TrainLoss:0.564, ValAcc:0.680, ValLoss:0.603
[W pthreadpool-cpp.cc:90] Warning: Leaking Caffe2 thread-pool after fork. (function pthreadpool)
[W pthreadpool-cpp.cc:90] Warning: Leaking Caffe2 thread-pool after fork. (function pthreadpool)
[W pthreadpool-cpp.cc:90] Warning: Leaking Caffe2 thread-pool after fork. (function pthreadpool)
[W pthreadpool-cpp.cc:90] Warning: Leaking Caffe2 thread-pool after fork. (function pthreadpool)
/DATA/sharma59/.local/lib/python3.7/site-packages/pydicom/pixel_data_handlers/numpy_handler.py:327: UserWarning: The odd length pixel data is missing a trailing padding byte
  "The odd length pixel data is missing a trailing padding byte"
/DATA/sharma59/.local/lib/python3.7/site-packages/pydicom/pixel_data_handlers/numpy_handler.py:327: UserWarning: The odd length pixel data is missing a trailing padding byte
  "The odd length pixel data is missing a trailing padding byte"
/DATA/sharma59/.local/lib/python3.7/site-packages/pydicom/pixel_data_handlers/numpy_handler.py:327: UserWarning: The odd length pixel data is missing a trailing padding byte
  "The odd length pixel data is missing a trailing padding byte"
/DATA/sharma59/.local/lib/python3.7/site-packages/pydicom/pixel_data_handlers/numpy_handler.py:327: UserWarning: The odd length pixel data is missing a trailing padding byte
  "The odd length pixel data is missing a trailing padding byte"
[W pthreadpool-cpp.cc:90] Warning: Leaking Caffe2 thread-pool after fork. (function pthreadpool)
[W pthreadpool-cpp.cc:90] Warning: Leaking Caffe2 thread-pool after fork. (function pthreadpool)
[W pthreadpool-cpp.cc:90] Warning: Leaking Caffe2 thread-pool after fork. (function pthreadpool)
[W pthreadpool-cpp.cc:90] Warning: Leaking Caffe2 thread-pool after fork. (function pthreadpool)
epoch:[13/30], TrainAcc:0.723, TrainLoss:0.551, ValAcc:0.420, ValLoss:0.793
[W pthreadpool-cpp.cc:90] Warning: Leaking Caffe2 thread-pool after fork. (function pthreadpool)
[W pthreadpool-cpp.cc:90] Warning: Leaking Caffe2 thread-pool after fork. (function pthreadpool)
[W pthreadpool-cpp.cc:90] Warning: Leaking Caffe2 thread-pool after fork. (function pthreadpool)
[W pthreadpool-cpp.cc:90] Warning: Leaking Caffe2 thread-pool after fork. (function pthreadpool)
/DATA/sharma59/.local/lib/python3.7/site-packages/pydicom/pixel_data_handlers/numpy_handler.py:327: UserWarning: The odd length pixel data is missing a trailing padding byte
  "The odd length pixel data is missing a trailing padding byte"
/DATA/sharma59/.local/lib/python3.7/site-packages/pydicom/pixel_data_handlers/numpy_handler.py:327: UserWarning: The odd length pixel data is missing a trailing padding byte
  "The odd length pixel data is missing a trailing padding byte"
/DATA/sharma59/.local/lib/python3.7/site-packages/pydicom/pixel_data_handlers/numpy_handler.py:327: UserWarning: The odd length pixel data is missing a trailing padding byte
  "The odd length pixel data is missing a trailing padding byte"
[W pthreadpool-cpp.cc:90] Warning: Leaking Caffe2 thread-pool after fork. (function pthreadpool)
[W pthreadpool-cpp.cc:90] Warning: Leaking Caffe2 thread-pool after fork. (function pthreadpool)
[W pthreadpool-cpp.cc:90] Warning: Leaking Caffe2 thread-pool after fork. (function pthreadpool)
[W pthreadpool-cpp.cc:90] Warning: Leaking Caffe2 thread-pool after fork. (function pthreadpool)
epoch:[14/30], TrainAcc:0.722, TrainLoss:0.552, ValAcc:0.558, ValLoss:0.682
[W pthreadpool-cpp.cc:90] Warning: Leaking Caffe2 thread-pool after fork. (function pthreadpool)
[W pthreadpool-cpp.cc:90] Warning: Leaking Caffe2 thread-pool after fork. (function pthreadpool)
[W pthreadpool-cpp.cc:90] Warning: Leaking Caffe2 thread-pool after fork. (function pthreadpool)
[W pthreadpool-cpp.cc:90] Warning: Leaking Caffe2 thread-pool after fork. (function pthreadpool)
/DATA/sharma59/.local/lib/python3.7/site-packages/pydicom/pixel_data_handlers/numpy_handler.py:327: UserWarning: The odd length pixel data is missing a trailing padding byte
  "The odd length pixel data is missing a trailing padding byte"
/DATA/sharma59/.local/lib/python3.7/site-packages/pydicom/pixel_data_handlers/numpy_handler.py:327: UserWarning: The odd length pixel data is missing a trailing padding byte
  "The odd length pixel data is missing a trailing padding byte"
[W pthreadpool-cpp.cc:90] Warning: Leaking Caffe2 thread-pool after fork. (function pthreadpool)
[W pthreadpool-cpp.cc:90] Warning: Leaking Caffe2 thread-pool after fork. (function pthreadpool)
[W pthreadpool-cpp.cc:90] Warning: Leaking Caffe2 thread-pool after fork. (function pthreadpool)
[W pthreadpool-cpp.cc:90] Warning: Leaking Caffe2 thread-pool after fork. (function pthreadpool)
epoch:[15/30], TrainAcc:0.721, TrainLoss:0.549, ValAcc:0.687, ValLoss:0.590
[W pthreadpool-cpp.cc:90] Warning: Leaking Caffe2 thread-pool after fork. (function pthreadpool)
[W pthreadpool-cpp.cc:90] Warning: Leaking Caffe2 thread-pool after fork. (function pthreadpool)
[W pthreadpool-cpp.cc:90] Warning: Leaking Caffe2 thread-pool after fork. (function pthreadpool)
[W pthreadpool-cpp.cc:90] Warning: Leaking Caffe2 thread-pool after fork. (function pthreadpool)
/DATA/sharma59/.local/lib/python3.7/site-packages/pydicom/pixel_data_handlers/numpy_handler.py:327: UserWarning: The odd length pixel data is missing a trailing padding byte
  "The odd length pixel data is missing a trailing padding byte"
/DATA/sharma59/.local/lib/python3.7/site-packages/pydicom/pixel_data_handlers/numpy_handler.py:327: UserWarning: The odd length pixel data is missing a trailing padding byte
  "The odd length pixel data is missing a trailing padding byte"
[W pthreadpool-cpp.cc:90] Warning: Leaking Caffe2 thread-pool after fork. (function pthreadpool)
[W pthreadpool-cpp.cc:90] Warning: Leaking Caffe2 thread-pool after fork. (function pthreadpool)
[W pthreadpool-cpp.cc:90] Warning: Leaking Caffe2 thread-pool after fork. (function pthreadpool)
[W pthreadpool-cpp.cc:90] Warning: Leaking Caffe2 thread-pool after fork. (function pthreadpool)
epoch:[16/30], TrainAcc:0.733, TrainLoss:0.541, ValAcc:0.672, ValLoss:0.625
[W pthreadpool-cpp.cc:90] Warning: Leaking Caffe2 thread-pool after fork. (function pthreadpool)
[W pthreadpool-cpp.cc:90] Warning: Leaking Caffe2 thread-pool after fork. (function pthreadpool)
[W pthreadpool-cpp.cc:90] Warning: Leaking Caffe2 thread-pool after fork. (function pthreadpool)
[W pthreadpool-cpp.cc:90] Warning: Leaking Caffe2 thread-pool after fork. (function pthreadpool)
/DATA/sharma59/.local/lib/python3.7/site-packages/pydicom/pixel_data_handlers/numpy_handler.py:327: UserWarning: The odd length pixel data is missing a trailing padding byte
  "The odd length pixel data is missing a trailing padding byte"
/DATA/sharma59/.local/lib/python3.7/site-packages/pydicom/pixel_data_handlers/numpy_handler.py:327: UserWarning: The odd length pixel data is missing a trailing padding byte
  "The odd length pixel data is missing a trailing padding byte"
[W pthreadpool-cpp.cc:90] Warning: Leaking Caffe2 thread-pool after fork. (function pthreadpool)
[W pthreadpool-cpp.cc:90] Warning: Leaking Caffe2 thread-pool after fork. (function pthreadpool)
[W pthreadpool-cpp.cc:90] Warning: Leaking Caffe2 thread-pool after fork. (function pthreadpool)
[W pthreadpool-cpp.cc:90] Warning: Leaking Caffe2 thread-pool after fork. (function pthreadpool)
epoch:[17/30], TrainAcc:0.731, TrainLoss:0.538, ValAcc:0.686, ValLoss:0.599
[W pthreadpool-cpp.cc:90] Warning: Leaking Caffe2 thread-pool after fork. (function pthreadpool)
[W pthreadpool-cpp.cc:90] Warning: Leaking Caffe2 thread-pool after fork. (function pthreadpool)
[W pthreadpool-cpp.cc:90] Warning: Leaking Caffe2 thread-pool after fork. (function pthreadpool)
[W pthreadpool-cpp.cc:90] Warning: Leaking Caffe2 thread-pool after fork. (function pthreadpool)
/DATA/sharma59/.local/lib/python3.7/site-packages/pydicom/pixel_data_handlers/numpy_handler.py:327: UserWarning: The odd length pixel data is missing a trailing padding byte
  "The odd length pixel data is missing a trailing padding byte"
/DATA/sharma59/.local/lib/python3.7/site-packages/pydicom/pixel_data_handlers/numpy_handler.py:327: UserWarning: The odd length pixel data is missing a trailing padding byte
  "The odd length pixel data is missing a trailing padding byte"
[W pthreadpool-cpp.cc:90] Warning: Leaking Caffe2 thread-pool after fork. (function pthreadpool)
[W pthreadpool-cpp.cc:90] Warning: Leaking Caffe2 thread-pool after fork. (function pthreadpool)
[W pthreadpool-cpp.cc:90] Warning: Leaking Caffe2 thread-pool after fork. (function pthreadpool)
[W pthreadpool-cpp.cc:90] Warning: Leaking Caffe2 thread-pool after fork. (function pthreadpool)
epoch:[18/30], TrainAcc:0.740, TrainLoss:0.532, ValAcc:0.687, ValLoss:0.631
[W pthreadpool-cpp.cc:90] Warning: Leaking Caffe2 thread-pool after fork. (function pthreadpool)
[W pthreadpool-cpp.cc:90] Warning: Leaking Caffe2 thread-pool after fork. (function pthreadpool)
[W pthreadpool-cpp.cc:90] Warning: Leaking Caffe2 thread-pool after fork. (function pthreadpool)
[W pthreadpool-cpp.cc:90] Warning: Leaking Caffe2 thread-pool after fork. (function pthreadpool)
/DATA/sharma59/.local/lib/python3.7/site-packages/pydicom/pixel_data_handlers/numpy_handler.py:327: UserWarning: The odd length pixel data is missing a trailing padding byte
  "The odd length pixel data is missing a trailing padding byte"
/DATA/sharma59/.local/lib/python3.7/site-packages/pydicom/pixel_data_handlers/numpy_handler.py:327: UserWarning: The odd length pixel data is missing a trailing padding byte
  "The odd length pixel data is missing a trailing padding byte"
[W pthreadpool-cpp.cc:90] Warning: Leaking Caffe2 thread-pool after fork. (function pthreadpool)
[W pthreadpool-cpp.cc:90] Warning: Leaking Caffe2 thread-pool after fork. (function pthreadpool)
[W pthreadpool-cpp.cc:90] Warning: Leaking Caffe2 thread-pool after fork. (function pthreadpool)
[W pthreadpool-cpp.cc:90] Warning: Leaking Caffe2 thread-pool after fork. (function pthreadpool)
epoch:[19/30], TrainAcc:0.739, TrainLoss:0.530, ValAcc:0.656, ValLoss:0.625
[W pthreadpool-cpp.cc:90] Warning: Leaking Caffe2 thread-pool after fork. (function pthreadpool)
[W pthreadpool-cpp.cc:90] Warning: Leaking Caffe2 thread-pool after fork. (function pthreadpool)
[W pthreadpool-cpp.cc:90] Warning: Leaking Caffe2 thread-pool after fork. (function pthreadpool)
[W pthreadpool-cpp.cc:90] Warning: Leaking Caffe2 thread-pool after fork. (function pthreadpool)
/DATA/sharma59/.local/lib/python3.7/site-packages/pydicom/pixel_data_handlers/numpy_handler.py:327: UserWarning: The odd length pixel data is missing a trailing padding byte
  "The odd length pixel data is missing a trailing padding byte"
/DATA/sharma59/.local/lib/python3.7/site-packages/pydicom/pixel_data_handlers/numpy_handler.py:327: UserWarning: The odd length pixel data is missing a trailing padding byte
  "The odd length pixel data is missing a trailing padding byte"
[W pthreadpool-cpp.cc:90] Warning: Leaking Caffe2 thread-pool after fork. (function pthreadpool)
[W pthreadpool-cpp.cc:90] Warning: Leaking Caffe2 thread-pool after fork. (function pthreadpool)
[W pthreadpool-cpp.cc:90] Warning: Leaking Caffe2 thread-pool after fork. (function pthreadpool)
[W pthreadpool-cpp.cc:90] Warning: Leaking Caffe2 thread-pool after fork. (function pthreadpool)
epoch:[20/30], TrainAcc:0.739, TrainLoss:0.524, ValAcc:0.616, ValLoss:0.660
[W pthreadpool-cpp.cc:90] Warning: Leaking Caffe2 thread-pool after fork. (function pthreadpool)
[W pthreadpool-cpp.cc:90] Warning: Leaking Caffe2 thread-pool after fork. (function pthreadpool)
[W pthreadpool-cpp.cc:90] Warning: Leaking Caffe2 thread-pool after fork. (function pthreadpool)
[W pthreadpool-cpp.cc:90] Warning: Leaking Caffe2 thread-pool after fork. (function pthreadpool)
/DATA/sharma59/.local/lib/python3.7/site-packages/pydicom/pixel_data_handlers/numpy_handler.py:327: UserWarning: The odd length pixel data is missing a trailing padding byte
  "The odd length pixel data is missing a trailing padding byte"
/DATA/sharma59/.local/lib/python3.7/site-packages/pydicom/pixel_data_handlers/numpy_handler.py:327: UserWarning: The odd length pixel data is missing a trailing padding byte
  "The odd length pixel data is missing a trailing padding byte"
[W pthreadpool-cpp.cc:90] Warning: Leaking Caffe2 thread-pool after fork. (function pthreadpool)
[W pthreadpool-cpp.cc:90] Warning: Leaking Caffe2 thread-pool after fork. (function pthreadpool)
[W pthreadpool-cpp.cc:90] Warning: Leaking Caffe2 thread-pool after fork. (function pthreadpool)
[W pthreadpool-cpp.cc:90] Warning: Leaking Caffe2 thread-pool after fork. (function pthreadpool)
=> saving checkpoint
epoch:[21/30], TrainAcc:0.751, TrainLoss:0.515, ValAcc:0.691, ValLoss:0.613
[W pthreadpool-cpp.cc:90] Warning: Leaking Caffe2 thread-pool after fork. (function pthreadpool)
[W pthreadpool-cpp.cc:90] Warning: Leaking Caffe2 thread-pool after fork. (function pthreadpool)
[W pthreadpool-cpp.cc:90] Warning: Leaking Caffe2 thread-pool after fork. (function pthreadpool)
[W pthreadpool-cpp.cc:90] Warning: Leaking Caffe2 thread-pool after fork. (function pthreadpool)
/DATA/sharma59/.local/lib/python3.7/site-packages/pydicom/pixel_data_handlers/numpy_handler.py:327: UserWarning: The odd length pixel data is missing a trailing padding byte
  "The odd length pixel data is missing a trailing padding byte"
/DATA/sharma59/.local/lib/python3.7/site-packages/pydicom/pixel_data_handlers/numpy_handler.py:327: UserWarning: The odd length pixel data is missing a trailing padding byte
  "The odd length pixel data is missing a trailing padding byte"
/DATA/sharma59/.local/lib/python3.7/site-packages/pydicom/pixel_data_handlers/numpy_handler.py:327: UserWarning: The odd length pixel data is missing a trailing padding byte
  "The odd length pixel data is missing a trailing padding byte"
[W pthreadpool-cpp.cc:90] Warning: Leaking Caffe2 thread-pool after fork. (function pthreadpool)
[W pthreadpool-cpp.cc:90] Warning: Leaking Caffe2 thread-pool after fork. (function pthreadpool)
[W pthreadpool-cpp.cc:90] Warning: Leaking Caffe2 thread-pool after fork. (function pthreadpool)
[W pthreadpool-cpp.cc:90] Warning: Leaking Caffe2 thread-pool after fork. (function pthreadpool)
epoch:[22/30], TrainAcc:0.750, TrainLoss:0.514, ValAcc:0.688, ValLoss:0.607
[W pthreadpool-cpp.cc:90] Warning: Leaking Caffe2 thread-pool after fork. (function pthreadpool)
[W pthreadpool-cpp.cc:90] Warning: Leaking Caffe2 thread-pool after fork. (function pthreadpool)
[W pthreadpool-cpp.cc:90] Warning: Leaking Caffe2 thread-pool after fork. (function pthreadpool)
[W pthreadpool-cpp.cc:90] Warning: Leaking Caffe2 thread-pool after fork. (function pthreadpool)
/DATA/sharma59/.local/lib/python3.7/site-packages/pydicom/pixel_data_handlers/numpy_handler.py:327: UserWarning: The odd length pixel data is missing a trailing padding byte
  "The odd length pixel data is missing a trailing padding byte"
/DATA/sharma59/.local/lib/python3.7/site-packages/pydicom/pixel_data_handlers/numpy_handler.py:327: UserWarning: The odd length pixel data is missing a trailing padding byte
  "The odd length pixel data is missing a trailing padding byte"
[W pthreadpool-cpp.cc:90] Warning: Leaking Caffe2 thread-pool after fork. (function pthreadpool)
[W pthreadpool-cpp.cc:90] Warning: Leaking Caffe2 thread-pool after fork. (function pthreadpool)
[W pthreadpool-cpp.cc:90] Warning: Leaking Caffe2 thread-pool after fork. (function pthreadpool)
[W pthreadpool-cpp.cc:90] Warning: Leaking Caffe2 thread-pool after fork. (function pthreadpool)
epoch:[23/30], TrainAcc:0.758, TrainLoss:0.502, ValAcc:0.652, ValLoss:0.649
[W pthreadpool-cpp.cc:90] Warning: Leaking Caffe2 thread-pool after fork. (function pthreadpool)
[W pthreadpool-cpp.cc:90] Warning: Leaking Caffe2 thread-pool after fork. (function pthreadpool)
[W pthreadpool-cpp.cc:90] Warning: Leaking Caffe2 thread-pool after fork. (function pthreadpool)
[W pthreadpool-cpp.cc:90] Warning: Leaking Caffe2 thread-pool after fork. (function pthreadpool)
