cuda:3
Epoch 0/29
----------
Loss after 02528 examples: 0.598
Loss after 05088 examples: 0.653
Train Accuracy tensor(0.6764, dtype=torch.float64)
Validation Loss is 0.5644469168519727
Validation Accuracy is 0.7318652849740933

One of the best validation accuracy found.

Epoch 1/29
----------
Loss after 07628 examples: 0.537
Loss after 10188 examples: 0.554
Loss after 12748 examples: 0.563
Train Accuracy tensor(0.6948, dtype=torch.float64)
Validation Loss is 0.6297259021917155
Validation Accuracy is 0.6968911917098446

Epoch 2/29
----------
Loss after 15288 examples: 0.553
Loss after 17848 examples: 0.643
Loss after 20408 examples: 0.686
Train Accuracy tensor(0.7028, dtype=torch.float64)
Validation Loss is 0.6063624799560389
Validation Accuracy is 0.6839378238341969

Epoch 3/29
----------
Loss after 22948 examples: 0.582
Loss after 25508 examples: 0.575
Train Accuracy tensor(0.7116, dtype=torch.float64)
Validation Loss is 0.764099622946329
Validation Accuracy is 0.48575129533678757

Epoch 4/29
----------
Loss after 28048 examples: 0.514
Loss after 30608 examples: 0.548
Loss after 33168 examples: 0.526
Train Accuracy tensor(0.7122, dtype=torch.float64)
Validation Loss is 0.7108099300008981
Validation Accuracy is 0.6930051813471503

Epoch 5/29
----------
Loss after 35708 examples: 0.536
Loss after 38268 examples: 0.761
Loss after 40828 examples: 0.605
Train Accuracy tensor(0.7138, dtype=torch.float64)
Validation Loss is 0.5723114217501231
Validation Accuracy is 0.6981865284974094

Epoch 6/29
----------
Loss after 43368 examples: 0.585
Loss after 45928 examples: 0.642
Loss after 48488 examples: 0.495
Train Accuracy tensor(0.7205, dtype=torch.float64)
Validation Loss is 0.5858927606918651
Validation Accuracy is 0.6904145077720207

Epoch 7/29
----------
Loss after 51028 examples: 0.638
Loss after 53588 examples: 0.407
Train Accuracy tensor(0.7407, dtype=torch.float64)
Validation Loss is 0.7128111754056703
Validation Accuracy is 0.689119170984456

Epoch 8/29
----------
Loss after 56128 examples: 0.510
Loss after 58688 examples: 0.654
Loss after 61248 examples: 0.516
Train Accuracy tensor(0.7359, dtype=torch.float64)
Validation Loss is 0.6388866178729992
Validation Accuracy is 0.6930051813471503

Epoch 9/29
----------
Loss after 63788 examples: 0.655
Loss after 66348 examples: 0.526
Loss after 68908 examples: 0.494
Train Accuracy tensor(0.7379, dtype=torch.float64)
Validation Loss is 1.075755349500346
Validation Accuracy is 0.6735751295336788

Epoch 10/29
----------
Loss after 71448 examples: 0.459
Loss after 74008 examples: 0.358
Train Accuracy tensor(0.7536, dtype=torch.float64)
Validation Loss is 0.6467009708671372
Validation Accuracy is 0.7033678756476685

Epoch 11/29
----------
Loss after 76548 examples: 0.469
Loss after 79108 examples: 0.610
Loss after 81668 examples: 0.811
Train Accuracy tensor(0.7667, dtype=torch.float64)
Validation Loss is 4.272908119340017
Validation Accuracy is 0.33031088082901555

Epoch 12/29
----------
Loss after 84208 examples: 0.351
Loss after 86768 examples: 0.371
Loss after 89328 examples: 0.321
Train Accuracy tensor(0.7844, dtype=torch.float64)
Validation Loss is 1.043362714774868
Validation Accuracy is 0.6865284974093264

Epoch 13/29
----------
Loss after 91868 examples: 0.256
Loss after 94428 examples: 0.432
Loss after 96988 examples: 0.535
Train Accuracy tensor(0.8059, dtype=torch.float64)
Validation Loss is 0.6647263885779702
Validation Accuracy is 0.6735751295336788

Epoch 14/29
----------
Loss after 99528 examples: 0.348
Loss after 102088 examples: 0.424
Train Accuracy tensor(0.8295, dtype=torch.float64)
Validation Loss is 0.830534519309207
Validation Accuracy is 0.694300518134715

Epoch 15/29
----------
Loss after 104628 examples: 0.196
Loss after 107188 examples: 0.241
Loss after 109748 examples: 0.196
Train Accuracy tensor(0.8544, dtype=torch.float64)
Validation Loss is 0.7294006421776016
Validation Accuracy is 0.7007772020725389

Epoch 16/29
----------
Loss after 112288 examples: 0.277
Loss after 114848 examples: 0.298
Loss after 117408 examples: 0.198
Train Accuracy tensor(0.8802, dtype=torch.float64)
Validation Loss is 0.9634088172813772
Validation Accuracy is 0.6658031088082902

Epoch 17/29
----------
Loss after 119948 examples: 0.129
Loss after 122508 examples: 0.392
Loss after 125068 examples: 0.209
Train Accuracy tensor(0.9107, dtype=torch.float64)
Validation Loss is 0.8060273376771205
Validation Accuracy is 0.6930051813471503

Epoch 18/29
----------
Loss after 127608 examples: 0.138
Loss after 130168 examples: 0.215
Train Accuracy tensor(0.9352, dtype=torch.float64)
Validation Loss is 2.991016936425718
Validation Accuracy is 0.41709844559585496

Epoch 19/29
----------
Loss after 132708 examples: 0.198
Loss after 135268 examples: 0.064
Loss after 137828 examples: 0.305
Train Accuracy tensor(0.9406, dtype=torch.float64)
Validation Loss is 1.2474865091897045
Validation Accuracy is 0.711139896373057

Epoch 20/29
----------
Loss after 140368 examples: 0.157
Loss after 142928 examples: 0.073
Loss after 145488 examples: 0.208
Train Accuracy tensor(0.9553, dtype=torch.float64)
Validation Loss is 1.208187815438898
Validation Accuracy is 0.6865284974093264

Epoch 21/29
----------
Loss after 148028 examples: 0.086
Loss after 150588 examples: 0.067
Train Accuracy tensor(0.9651, dtype=torch.float64)
Validation Loss is 2.355595809808049
Validation Accuracy is 0.6774611398963731

Epoch 22/29
----------
Loss after 153128 examples: 0.052
Loss after 155688 examples: 0.081
Loss after 158248 examples: 0.038
Train Accuracy tensor(0.9661, dtype=torch.float64)
Validation Loss is 1.8000402129375872
Validation Accuracy is 0.550518134715026

Epoch 23/29
----------
Loss after 160788 examples: 0.019
Loss after 163348 examples: 0.155
Loss after 165908 examples: 0.170
Train Accuracy tensor(0.9730, dtype=torch.float64)
Validation Loss is 2.130322179472354
Validation Accuracy is 0.6878238341968912

Epoch 24/29
----------
Loss after 168448 examples: 0.146
Loss after 171008 examples: 0.027
Loss after 173568 examples: 0.018
Train Accuracy tensor(0.9771, dtype=torch.float64)
Validation Loss is 1.5682314195781175
Validation Accuracy is 0.6865284974093264

Epoch 25/29
----------
Loss after 176108 examples: 0.056
Loss after 178668 examples: 0.063
Train Accuracy tensor(0.9781, dtype=torch.float64)
Validation Loss is 1.9045851168854866
Validation Accuracy is 0.6774611398963731

Epoch 26/29
----------
Loss after 181208 examples: 0.027
Loss after 183768 examples: 0.029
Loss after 186328 examples: 0.096
Train Accuracy tensor(0.9750, dtype=torch.float64)
Validation Loss is 1.6921460665569403
Validation Accuracy is 0.6049222797927462

Epoch 27/29
----------
Loss after 188868 examples: 0.022
Loss after 191428 examples: 0.010
Loss after 193988 examples: 0.019
Train Accuracy tensor(0.9770, dtype=torch.float64)
Validation Loss is 1.615792241738868
Validation Accuracy is 0.672279792746114

Epoch 28/29
----------
Loss after 196528 examples: 0.007
Loss after 199088 examples: 0.015
Loss after 201648 examples: 0.026
Train Accuracy tensor(0.9806, dtype=torch.float64)
Validation Loss is 1.8370327949523926
Validation Accuracy is 0.6502590673575129

Epoch 29/29
----------
Loss after 204188 examples: 0.040
Loss after 206748 examples: 0.098
Train Accuracy tensor(0.9836, dtype=torch.float64)
Validation Loss is 1.7328393101074535
Validation Accuracy is 0.6489637305699482

Training complete in 82m 55s
