cuda:5
Epoch 0/29
----------
Loss after 02528 examples: 0.613
Loss after 05088 examples: 0.537
Train Accuracy tensor(0.6948, dtype=torch.float64)
Validation Loss is 0.5874864684485401
Validation Accuracy is 0.6852331606217616

One of the best validation accuracy found.

Epoch 1/29
----------
Loss after 07628 examples: 0.582
Loss after 10188 examples: 0.423
Loss after 12748 examples: 0.757
Train Accuracy tensor(0.7221, dtype=torch.float64)
Validation Loss is 0.5554859076139222
Validation Accuracy is 0.7202072538860104

One of the best validation accuracy found.

Epoch 2/29
----------
Loss after 15288 examples: 0.557
Loss after 17848 examples: 0.571
Loss after 20408 examples: 0.333
Train Accuracy tensor(0.7440, dtype=torch.float64)
Validation Loss is 0.596091550866557
Validation Accuracy is 0.7189119170984456

Epoch 3/29
----------
Loss after 22948 examples: 0.585
Loss after 25508 examples: 0.451
Train Accuracy tensor(0.7595, dtype=torch.float64)
Validation Loss is 0.5823976555018845
Validation Accuracy is 0.7137305699481865

Epoch 4/29
----------
Loss after 28048 examples: 0.402
Loss after 30608 examples: 0.321
Loss after 33168 examples: 0.513
Train Accuracy tensor(0.7918, dtype=torch.float64)
Validation Loss is 0.6979476732293559
Validation Accuracy is 0.6126943005181348

Epoch 5/29
----------
Loss after 35708 examples: 0.176
Loss after 38268 examples: 0.535
Loss after 40828 examples: 0.254
Train Accuracy tensor(0.8308, dtype=torch.float64)
Validation Loss is 0.7510135765983651
Validation Accuracy is 0.7215025906735751

One of the best validation accuracy found.

Epoch 6/29
----------
Loss after 43368 examples: 0.240
Loss after 45928 examples: 0.523
Loss after 48488 examples: 0.171
Train Accuracy tensor(0.8624, dtype=torch.float64)
Validation Loss is 0.9225191912502823
Validation Accuracy is 0.5647668393782384

Epoch 7/29
----------
Loss after 51028 examples: 0.219
Loss after 53588 examples: 0.150
Train Accuracy tensor(0.9011, dtype=torch.float64)
Validation Loss is 0.803420260857424
Validation Accuracy is 0.7344559585492229

One of the best validation accuracy found.

Epoch 8/29
----------
Loss after 56128 examples: 0.177
Loss after 58688 examples: 0.105
Loss after 61248 examples: 0.376
Train Accuracy tensor(0.9372, dtype=torch.float64)
Validation Loss is 1.0393758288010415
Validation Accuracy is 0.7383419689119172

One of the best validation accuracy found.

Epoch 9/29
----------
Loss after 63788 examples: 0.023
Loss after 66348 examples: 0.072
Loss after 68908 examples: 0.097
Train Accuracy tensor(0.9415, dtype=torch.float64)
Validation Loss is 1.0740338165525327
Validation Accuracy is 0.7098445595854923

Epoch 10/29
----------
Loss after 71448 examples: 0.156
Loss after 74008 examples: 0.132
Train Accuracy tensor(0.9567, dtype=torch.float64)
Validation Loss is 1.1287068795663706
Validation Accuracy is 0.7046632124352332

Epoch 11/29
----------
Loss after 76548 examples: 0.050
Loss after 79108 examples: 0.041
Loss after 81668 examples: 0.104
Train Accuracy tensor(0.9625, dtype=torch.float64)
Validation Loss is 1.3216062469185943
Validation Accuracy is 0.6476683937823834

Epoch 12/29
----------
Loss after 84208 examples: 0.033
Loss after 86768 examples: 0.038
Loss after 89328 examples: 0.025
Train Accuracy tensor(0.9643, dtype=torch.float64)
Validation Loss is 1.2269321337265053
Validation Accuracy is 0.6878238341968912

Epoch 13/29
----------
Loss after 91868 examples: 0.057
Loss after 94428 examples: 0.203
Loss after 96988 examples: 0.025
Train Accuracy tensor(0.9710, dtype=torch.float64)
Validation Loss is 1.4447416752731244
Validation Accuracy is 0.6632124352331606

Epoch 14/29
----------
Loss after 99528 examples: 0.012
Loss after 102088 examples: 0.029
Train Accuracy tensor(0.9777, dtype=torch.float64)
Validation Loss is 1.652163895300633
Validation Accuracy is 0.6541450777202072

Epoch 15/29
----------
Loss after 104628 examples: 0.021
Loss after 107188 examples: 0.053
Loss after 109748 examples: 0.084
Train Accuracy tensor(0.9689, dtype=torch.float64)
Validation Loss is 1.458357099424372
Validation Accuracy is 0.6994818652849741

Epoch 16/29
----------
Loss after 112288 examples: 0.151
Loss after 114848 examples: 0.043
Loss after 117408 examples: 0.001
Train Accuracy tensor(0.9802, dtype=torch.float64)
Validation Loss is 2.1720209418183165
Validation Accuracy is 0.7292746113989638

Epoch 17/29
----------
Loss after 119948 examples: 0.116
Loss after 122508 examples: 0.039
Loss after 125068 examples: 0.123
Train Accuracy tensor(0.9803, dtype=torch.float64)
Validation Loss is 1.758904842762486
Validation Accuracy is 0.711139896373057

Epoch 18/29
----------
Loss after 127608 examples: 0.120
Loss after 130168 examples: 0.027
Train Accuracy tensor(0.9760, dtype=torch.float64)
Validation Loss is 1.5753231060937278
Validation Accuracy is 0.6968911917098446

Epoch 19/29
----------
Loss after 132708 examples: 0.011
Loss after 135268 examples: 0.019
Loss after 137828 examples: 0.026
Train Accuracy tensor(0.9807, dtype=torch.float64)
Validation Loss is 2.00057261564571
Validation Accuracy is 0.7124352331606217

Epoch 20/29
----------
Loss after 140368 examples: 0.035
Loss after 142928 examples: 0.007
Loss after 145488 examples: 0.031
Train Accuracy tensor(0.9819, dtype=torch.float64)
Validation Loss is 1.8106563607414152
Validation Accuracy is 0.7046632124352332

Epoch 21/29
----------
Loss after 148028 examples: 0.065
Loss after 150588 examples: 0.130
Train Accuracy tensor(0.9799, dtype=torch.float64)
Validation Loss is 1.6876864340638866
Validation Accuracy is 0.6904145077720207

Epoch 22/29
----------
Loss after 153128 examples: 0.029
Loss after 155688 examples: 0.016
Loss after 158248 examples: 0.032
Train Accuracy tensor(0.9790, dtype=torch.float64)
Validation Loss is 1.8556646250690203
Validation Accuracy is 0.716321243523316

Epoch 23/29
----------
Loss after 160788 examples: 0.045
Loss after 163348 examples: 0.010
Loss after 165908 examples: 0.124
Train Accuracy tensor(0.9894, dtype=torch.float64)
Validation Loss is 1.7854764307101156
Validation Accuracy is 0.6994818652849741

Epoch 24/29
----------
Loss after 168448 examples: 0.015
Loss after 171008 examples: 0.000
Loss after 173568 examples: 0.131
Train Accuracy tensor(0.9836, dtype=torch.float64)
Validation Loss is 1.4869170815833492
Validation Accuracy is 0.6373056994818653

Epoch 25/29
----------
Loss after 176108 examples: 0.067
Loss after 178668 examples: 0.060
Train Accuracy tensor(0.9743, dtype=torch.float64)
Validation Loss is 1.8059400400349512
Validation Accuracy is 0.716321243523316

Epoch 26/29
----------
Loss after 181208 examples: 0.017
Loss after 183768 examples: 0.011
Loss after 186328 examples: 0.022
Train Accuracy tensor(0.9868, dtype=torch.float64)
Validation Loss is 2.0805415180680664
Validation Accuracy is 0.7331606217616581

Epoch 27/29
----------
Loss after 188868 examples: 0.038
Loss after 191428 examples: 0.022
Loss after 193988 examples: 0.004
Train Accuracy tensor(0.9849, dtype=torch.float64)
Validation Loss is 2.1149863060274274
Validation Accuracy is 0.6321243523316062

Epoch 28/29
----------
Loss after 196528 examples: 0.023
Loss after 199088 examples: 0.011
Loss after 201648 examples: 0.016
Train Accuracy tensor(0.9852, dtype=torch.float64)
Validation Loss is 1.6806117784173995
Validation Accuracy is 0.7150259067357513

Epoch 29/29
----------
Loss after 204188 examples: 0.104
Loss after 206748 examples: 0.011
Train Accuracy tensor(0.9886, dtype=torch.float64)
Validation Loss is 1.7925884197104163
Validation Accuracy is 0.6567357512953368

Training complete in 81m 27s
