cuda:0
model: squeezenet
defining squeezenet
test_chexpert_labels.pkl exists
3229
=> loading checkpoint
total_trainable_parameters are : 0.0M
/usr/lib/python3/dist-packages/requests/__init__.py:91: RequestsDependencyWarning: urllib3 (1.26.7) or chardet (3.0.4) doesn't match a supported version!
  RequestsDependencyWarning)
correct are 0.674
              precision    recall  f1-score   support

           0       0.37      0.64      0.47     19474
           1       0.74      0.13      0.23     13893
           2       0.82      0.79      0.80     69960

    accuracy                           0.67    103327
   macro avg       0.64      0.52      0.50    103327
weighted avg       0.73      0.67      0.66    103327

class-wise
[0.37404535 0.73818898 0.82047661]
[0.6438328  0.13496005 0.78889365]
[0.47318564 0.22819935 0.80437523]
avg-out
0.6442369768612238
0.5225621693507541
0.5019200769645416
