STANFORD DATASET
223414
{'abnormal': 0, 'normal': 1}

Exlnet without sqeeze layers.

Test Loss is 0.4176634854040569
Test Accuracy is 0.8615887992695176
(0.33167809568850004, 0.3760332424824628, 0.3524657103968171, None)
              precision    recall  f1-score   support

    abnormal       0.93      0.92      0.92    201033
      normal       0.33      0.38      0.35     22381

    accuracy                           0.86    223414
   macro avg       0.63      0.65      0.64    223414
weighted avg       0.87      0.86      0.87    223414


 classwise accuracy
[0.91564569 0.37603324]
AUROC: 0.7663395066870037


Exlnet without depthwise-conv layers.

Test Loss is 0.40077593216848506
Test Accuracy is 0.8698335824970682
(0.34750546249089587, 0.34109289129172066, 0.34426931836118063, None)
              precision    recall  f1-score   support

    abnormal       0.93      0.93      0.93    201033
      normal       0.35      0.34      0.34     22381

    accuracy                           0.87    223414
   macro avg       0.64      0.63      0.64    223414
weighted avg       0.87      0.87      0.87    223414


 classwise accuracy
[0.92869827 0.34109289]
AUROC: 0.7668397758862637


Exlnet without expand layers.

Test Loss is 0.3871028956043814
Test Accuracy is 0.8728324993062208
(0.35972829626872616, 0.345471605379563, 0.35245584045584044, None)
              precision    recall  f1-score   support

    abnormal       0.93      0.93      0.93    201033
      normal       0.36      0.35      0.35     22381

    accuracy                           0.87    223414
   macro avg       0.64      0.64      0.64    223414
weighted avg       0.87      0.87      0.87    223414


 classwise accuracy
[0.93154358 0.34547161]
AUROC: 0.7704292729730936


 VINBIG DATASET

15015
{'abnormal': 0, 'normal': 1}

Exlnet without squeeze layers.
Test Loss is 0.6068951992364554
Test Accuracy is 0.6673992673992674
(0.779012100773656, 0.7395480225988701, 0.7587672688629118, None)
              precision    recall  f1-score   support

    abnormal       0.44      0.49      0.46      4395
      normal       0.78      0.74      0.76     10620

    accuracy                           0.67     15015
   macro avg       0.61      0.62      0.61     15015
weighted avg       0.68      0.67      0.67     15015


 classwise accuracy
[0.4930603  0.73954802]
AUROC: 0.6756356414261198


Exlnet without depthwise-conv layers.
Test Loss is 0.590735965814346
Test Accuracy is 0.6985680985680985
(0.8077777777777778, 0.7530131826741996, 0.7794346978557505, None)
              precision    recall  f1-score   support

    abnormal       0.49      0.57      0.52      4395
      normal       0.81      0.75      0.78     10620

    accuracy                           0.70     15015
   macro avg       0.65      0.66      0.65     15015
weighted avg       0.71      0.70      0.70     15015


 classwise accuracy
[0.56700796 0.75301318]
AUROC: 0.7045682368896344


Exlnet without expand layers.
Test Loss is 0.5919548388365861
Test Accuracy is 0.667066267066267
(0.7924862108440004, 0.7170433145009416, 0.7528795293885018, None)
              precision    recall  f1-score   support

    abnormal       0.44      0.55      0.49      4395
      normal       0.79      0.72      0.75     10620

    accuracy                           0.67     15015
   macro avg       0.62      0.63      0.62     15015
weighted avg       0.69      0.67      0.68     15015


 classwise accuracy
[0.54630262 0.71704331]
AUROC: 0.6912832485982829

