STANFORD DATASET
223414
{'abnormal': 0, 'normal': 1}

Exlnet without sqeeze layers.

Test Loss is 0.4176634854040569
Test Accuracy is 0.8615887992695176
(0.33167809568850004, 0.3760332424824628, 0.3524657103968171, None)
              precision    recall  f1-score   support

    abnormal       0.93      0.92      0.92    201033
      normal       0.33      0.38      0.35     22381

    accuracy                           0.86    223414
   macro avg       0.63      0.65      0.64    223414
weighted avg       0.87      0.86      0.87    223414


 classwise accuracy
[0.91564569 0.37603324]
AUROC: 0.7663395066870037


 VINBIG DATASET

15015
{'abnormal': 0, 'normal': 1}
Exlnet without squeeze layers.
Test Loss is 0.6068951992364554
Test Accuracy is 0.6673992673992674
(0.779012100773656, 0.7395480225988701, 0.7587672688629118, None)
              precision    recall  f1-score   support

    abnormal       0.44      0.49      0.46      4395
      normal       0.78      0.74      0.76     10620

    accuracy                           0.67     15015
   macro avg       0.61      0.62      0.61     15015
weighted avg       0.68      0.67      0.67     15015


 classwise accuracy
[0.4930603  0.73954802]
AUROC: 0.6756356414261198
