cuda
141537
{'Atelectasis': 0, 'Cardiomegaly': 1, 'Consolidation': 2, 'Edema': 3, 'Effusion': 4, 'Emphysema': 5, 'Fibrosis': 6, 'Hernia': 7, 'Infiltration': 8, 'Mass': 9, 'No Finding': 10, 'Nodule': 11, 'Pleural_Thickening': 12, 'Pneumonia': 13, 'Pneumothorax': 14}
SqueezeNet(
  (features): Sequential(
    (0): Conv2d(3, 96, kernel_size=(7, 7), stride=(2, 2))
    (1): ReLU(inplace=True)
    (2): MaxPool2d(kernel_size=3, stride=2, padding=0, dilation=1, ceil_mode=True)
    (3): Fire(
      (squeeze): Conv2d(96, 16, kernel_size=(1, 1), stride=(1, 1))
      (squeeze_activation): ReLU(inplace=True)
      (expand1x1): Conv2d(16, 64, kernel_size=(1, 1), stride=(1, 1), groups=16)
      (expand1x1_activation): ReLU(inplace=True)
      (expand3x3): Conv2d(16, 64, kernel_size=(3, 3), stride=(1, 1), padding=(1, 1), groups=16)
      (expand3x3_activation): ReLU(inplace=True)
    )
    (4): Fire(
      (squeeze): Conv2d(128, 16, kernel_size=(1, 1), stride=(1, 1))
      (squeeze_activation): ReLU(inplace=True)
      (expand1x1): Conv2d(16, 64, kernel_size=(1, 1), stride=(1, 1), groups=16)
      (expand1x1_activation): ReLU(inplace=True)
      (expand3x3): Conv2d(16, 64, kernel_size=(3, 3), stride=(1, 1), padding=(1, 1), groups=16)
      (expand3x3_activation): ReLU(inplace=True)
    )
    (5): Fire(
      (squeeze): Conv2d(128, 32, kernel_size=(1, 1), stride=(1, 1))
      (squeeze_activation): ReLU(inplace=True)
      (expand1x1): Conv2d(32, 128, kernel_size=(1, 1), stride=(1, 1), groups=32)
      (expand1x1_activation): ReLU(inplace=True)
      (expand3x3): Conv2d(32, 128, kernel_size=(3, 3), stride=(1, 1), padding=(1, 1), groups=32)
      (expand3x3_activation): ReLU(inplace=True)
    )
    (6): MaxPool2d(kernel_size=3, stride=2, padding=0, dilation=1, ceil_mode=True)
    (7): Fire(
      (squeeze): Conv2d(256, 32, kernel_size=(1, 1), stride=(1, 1))
      (squeeze_activation): ReLU(inplace=True)
      (expand1x1): Conv2d(32, 128, kernel_size=(1, 1), stride=(1, 1), groups=32)
      (expand1x1_activation): ReLU(inplace=True)
      (expand3x3): Conv2d(32, 128, kernel_size=(3, 3), stride=(1, 1), padding=(1, 1), groups=32)
      (expand3x3_activation): ReLU(inplace=True)
    )
    (8): Fire(
      (squeeze): Conv2d(256, 48, kernel_size=(1, 1), stride=(1, 1))
      (squeeze_activation): ReLU(inplace=True)
      (expand1x1): Conv2d(48, 192, kernel_size=(1, 1), stride=(1, 1), groups=48)
      (expand1x1_activation): ReLU(inplace=True)
      (expand3x3): Conv2d(48, 192, kernel_size=(3, 3), stride=(1, 1), padding=(1, 1), groups=48)
      (expand3x3_activation): ReLU(inplace=True)
    )
    (9): Fire(
      (squeeze): Conv2d(384, 48, kernel_size=(1, 1), stride=(1, 1))
      (squeeze_activation): ReLU(inplace=True)
      (expand1x1): Conv2d(48, 192, kernel_size=(1, 1), stride=(1, 1), groups=48)
      (expand1x1_activation): ReLU(inplace=True)
      (expand3x3): Conv2d(48, 192, kernel_size=(3, 3), stride=(1, 1), padding=(1, 1), groups=48)
      (expand3x3_activation): ReLU(inplace=True)
    )
    (10): Fire(
      (squeeze): Conv2d(384, 64, kernel_size=(1, 1), stride=(1, 1))
      (squeeze_activation): ReLU(inplace=True)
      (expand1x1): Conv2d(64, 256, kernel_size=(1, 1), stride=(1, 1), groups=64)
      (expand1x1_activation): ReLU(inplace=True)
      (expand3x3): Conv2d(64, 256, kernel_size=(3, 3), stride=(1, 1), padding=(1, 1), groups=64)
      (expand3x3_activation): ReLU(inplace=True)
    )
    (11): MaxPool2d(kernel_size=3, stride=2, padding=0, dilation=1, ceil_mode=True)
    (12): Fire(
      (squeeze): Conv2d(512, 64, kernel_size=(1, 1), stride=(1, 1))
      (squeeze_activation): ReLU(inplace=True)
      (expand1x1): Conv2d(64, 256, kernel_size=(1, 1), stride=(1, 1), groups=64)
      (expand1x1_activation): ReLU(inplace=True)
      (expand3x3): Conv2d(64, 256, kernel_size=(3, 3), stride=(1, 1), padding=(1, 1), groups=64)
      (expand3x3_activation): ReLU(inplace=True)
    )
  )
  (classifier): Sequential(
    (0): Dropout(p=0.5, inplace=False)
    (1): Conv2d(512, 15, kernel_size=(1, 1), stride=(1, 1))
    (2): AdaptiveAvgPool2d(output_size=(1, 1))
  )
)
Epoch 0/34
----------
Loss after 19168 examples: 2.070
Loss after 38368 examples: 1.702
Loss after 57568 examples: 1.951
Loss after 76768 examples: 1.812
Loss after 95968 examples: 1.488
Loss after 115168 examples: 2.238
Train Accuracy tensor(0.4810, dtype=torch.float64)
Validation Loss is 1.7261800479888916
Validation Accuracy is 0.45270000000000005

One of the best validation accuracy found.

Epoch 1/34
----------
Loss after 134368 examples: 1.204
Loss after 153568 examples: 1.358
Loss after 172768 examples: 1.442
Loss after 191968 examples: 1.303
Loss after 211168 examples: 1.674
Loss after 230368 examples: 1.436
Train Accuracy tensor(0.4853, dtype=torch.float64)
Validation Loss is 1.7274221382141113
Validation Accuracy is 0.4511

One of the best validation accuracy found.

Epoch 2/34
----------
Loss after 249568 examples: 1.887
Loss after 268768 examples: 1.191
Loss after 287968 examples: 1.468
Loss after 307168 examples: 1.673
Loss after 326368 examples: 1.623
Loss after 345568 examples: 1.151
Train Accuracy tensor(0.4873, dtype=torch.float64)
Validation Loss is 1.7310840145111084
Validation Accuracy is 0.45020000000000004

One of the best validation accuracy found.

Epoch 3/34
----------
Loss after 364768 examples: 1.559
Loss after 383968 examples: 1.311
Loss after 403168 examples: 1.312
Loss after 422368 examples: 1.308
Loss after 441568 examples: 1.702
Loss after 460768 examples: 1.642
Loss after 479968 examples: 1.553
Train Accuracy tensor(0.4895, dtype=torch.float64)
Validation Loss is 1.7330740034103393
Validation Accuracy is 0.4504

One of the best validation accuracy found.

Epoch 4/34
----------
Loss after 499168 examples: 1.302
Loss after 518368 examples: 1.310
Loss after 537568 examples: 1.184
Loss after 556768 examples: 1.513
Loss after 575968 examples: 1.611
Loss after 595168 examples: 1.518
Train Accuracy tensor(0.4907, dtype=torch.float64)
Validation Loss is 1.7411804859161377
Validation Accuracy is 0.45130000000000003

One of the best validation accuracy found.

Epoch 5/34
----------
Loss after 614368 examples: 1.640
Loss after 633568 examples: 1.871
Loss after 652768 examples: 1.252
Loss after 671968 examples: 1.478
Loss after 691168 examples: 1.132
Loss after 710368 examples: 1.385
Train Accuracy tensor(0.4924, dtype=torch.float64)
Validation Loss is 1.7435986776351928
Validation Accuracy is 0.45030000000000003

One of the best validation accuracy found.

Epoch 6/34
----------
Loss after 729568 examples: 1.266
Loss after 748768 examples: 1.692
Loss after 767968 examples: 1.661
Loss after 787168 examples: 1.163
Loss after 806368 examples: 1.492
Loss after 825568 examples: 1.571
Train Accuracy tensor(0.4928, dtype=torch.float64)
Validation Loss is 1.7397607986450194
Validation Accuracy is 0.45020000000000004

One of the best validation accuracy found.

Epoch 7/34
----------
Loss after 844768 examples: 1.516
Loss after 863968 examples: 1.969
Loss after 883168 examples: 1.570
Loss after 902368 examples: 1.405
Loss after 921568 examples: 1.553
Loss after 940768 examples: 1.949
Loss after 959968 examples: 1.496
Train Accuracy tensor(0.4953, dtype=torch.float64)
Validation Loss is 1.749217477798462
Validation Accuracy is 0.4506

One of the best validation accuracy found.

Epoch 8/34
----------
Loss after 979168 examples: 1.279
Loss after 998368 examples: 1.902
Loss after 1017568 examples: 1.644
Loss after 1036768 examples: 1.312
Loss after 1055968 examples: 1.365
Loss after 1075168 examples: 1.291
Train Accuracy tensor(0.4964, dtype=torch.float64)
Validation Loss is 1.7472500925064087
Validation Accuracy is 0.449

One of the best validation accuracy found.

Epoch 9/34
----------
Loss after 1094368 examples: 1.405
Loss after 1113568 examples: 1.325
Loss after 1132768 examples: 1.278
Loss after 1151968 examples: 1.897
Loss after 1171168 examples: 1.359
Loss after 1190368 examples: 1.254
Train Accuracy tensor(0.4974, dtype=torch.float64)
Validation Loss is 1.7527077159881592
Validation Accuracy is 0.446

One of the best validation accuracy found.

Epoch 10/34
----------
Loss after 1209568 examples: 1.522
Loss after 1228768 examples: 1.377
Loss after 1247968 examples: 1.227
Loss after 1267168 examples: 1.554
Loss after 1286368 examples: 1.524
Loss after 1305568 examples: 1.653
Train Accuracy tensor(0.4995, dtype=torch.float64)
Validation Loss is 1.7617402027130127
Validation Accuracy is 0.4465

One of the best validation accuracy found.

Epoch 11/34
----------
Loss after 1324768 examples: 1.548
Loss after 1343968 examples: 1.512
Loss after 1363168 examples: 1.496
Loss after 1382368 examples: 1.343
Loss after 1401568 examples: 1.675
Loss after 1420768 examples: 1.372
Loss after 1439968 examples: 1.550
Train Accuracy tensor(0.4998, dtype=torch.float64)
Validation Loss is 1.7603893032073974
Validation Accuracy is 0.44530000000000003

One of the best validation accuracy found.

Epoch 12/34
----------
Loss after 1459168 examples: 1.832
Loss after 1478368 examples: 1.756
Loss after 1497568 examples: 1.357
Loss after 1516768 examples: 1.631
Loss after 1535968 examples: 1.399
Loss after 1555168 examples: 1.094
Train Accuracy tensor(0.5003, dtype=torch.float64)
Validation Loss is 1.7681380056381226
Validation Accuracy is 0.4446

One of the best validation accuracy found.

Epoch 13/34
----------
Loss after 1574368 examples: 1.415
Loss after 1593568 examples: 1.491
Loss after 1612768 examples: 1.495
Loss after 1631968 examples: 1.011
Loss after 1651168 examples: 1.742
Loss after 1670368 examples: 1.620
Train Accuracy tensor(0.5016, dtype=torch.float64)
Validation Loss is 1.7668664207458495
Validation Accuracy is 0.4423

One of the best validation accuracy found.

Epoch 14/34
----------
Loss after 1689568 examples: 1.481
Loss after 1708768 examples: 1.794
Loss after 1727968 examples: 1.420
Loss after 1747168 examples: 1.302
Loss after 1766368 examples: 1.396
Loss after 1785568 examples: 1.412
Train Accuracy tensor(0.5031, dtype=torch.float64)
Validation Loss is 1.7731763635635376
Validation Accuracy is 0.4414

One of the best validation accuracy found.

Epoch 15/34
----------
Loss after 1804768 examples: 1.320
Loss after 1823968 examples: 1.610
Loss after 1843168 examples: 1.692
Loss after 1862368 examples: 1.528
Loss after 1881568 examples: 1.908
Loss after 1900768 examples: 1.471
Loss after 1919968 examples: 1.834
Train Accuracy tensor(0.5040, dtype=torch.float64)
Validation Loss is 1.7708933780670166
Validation Accuracy is 0.4441

One of the best validation accuracy found.

Epoch 16/34
----------
Loss after 1939168 examples: 1.544
Loss after 1958368 examples: 1.622
Loss after 1977568 examples: 1.459
Loss after 1996768 examples: 1.460
Loss after 2015968 examples: 1.705
Loss after 2035168 examples: 1.497
Train Accuracy tensor(0.5060, dtype=torch.float64)
Validation Loss is 1.7794208980560302
Validation Accuracy is 0.4395

One of the best validation accuracy found.

Epoch 17/34
----------
Loss after 2054368 examples: 1.584
Loss after 2073568 examples: 1.390
Loss after 2092768 examples: 1.540
Loss after 2111968 examples: 1.561
Loss after 2131168 examples: 1.876
Loss after 2150368 examples: 1.109
Train Accuracy tensor(0.5061, dtype=torch.float64)
Validation Loss is 1.7828249912261962
Validation Accuracy is 0.44370000000000004

One of the best validation accuracy found.

Epoch 18/34
----------
Loss after 2169568 examples: 1.434
Loss after 2188768 examples: 1.570
Loss after 2207968 examples: 1.325
Loss after 2227168 examples: 1.366
Loss after 2246368 examples: 1.354
Loss after 2265568 examples: 1.422
Train Accuracy tensor(0.5064, dtype=torch.float64)
Validation Loss is 1.783612026977539
Validation Accuracy is 0.4425

One of the best validation accuracy found.

Epoch 19/34
----------
Loss after 2284768 examples: 1.459
Loss after 2303968 examples: 1.858
Loss after 2323168 examples: 1.255
Loss after 2342368 examples: 1.750
Loss after 2361568 examples: 1.261
Loss after 2380768 examples: 1.796
Loss after 2399968 examples: 1.190
Train Accuracy tensor(0.5081, dtype=torch.float64)
Validation Loss is 1.7915130245208741
Validation Accuracy is 0.44220000000000004

One of the best validation accuracy found.

Epoch 20/34
----------
Loss after 2419168 examples: 1.638
Loss after 2438368 examples: 1.418
Loss after 2457568 examples: 1.578
Loss after 2476768 examples: 1.402
Loss after 2495968 examples: 1.906
Loss after 2515168 examples: 0.859
Train Accuracy tensor(0.5083, dtype=torch.float64)
Validation Loss is 1.7946025787353517
Validation Accuracy is 0.44160000000000005

One of the best validation accuracy found.

Epoch 21/34
----------
Loss after 2534368 examples: 1.419
Loss after 2553568 examples: 1.516
Loss after 2572768 examples: 1.729
Loss after 2591968 examples: 1.553
Loss after 2611168 examples: 1.057
Loss after 2630368 examples: 1.580
Train Accuracy tensor(0.5097, dtype=torch.float64)
Validation Loss is 1.7900035236358642
Validation Accuracy is 0.4404

One of the best validation accuracy found.

Epoch 22/34
----------
Loss after 2649568 examples: 1.476
Loss after 2668768 examples: 1.443
Loss after 2687968 examples: 1.809
Loss after 2707168 examples: 1.150
Loss after 2726368 examples: 1.328
Loss after 2745568 examples: 1.745
Train Accuracy tensor(0.5117, dtype=torch.float64)
Validation Loss is 1.7970978282928467
Validation Accuracy is 0.4405

One of the best validation accuracy found.

Epoch 23/34
----------
Loss after 2764768 examples: 1.146
Loss after 2783968 examples: 1.478
Loss after 2803168 examples: 1.360
Loss after 2822368 examples: 1.292
Loss after 2841568 examples: 1.378
Loss after 2860768 examples: 1.614
Loss after 2879968 examples: 1.464
Train Accuracy tensor(0.5117, dtype=torch.float64)
Validation Loss is 1.8029383567810058
Validation Accuracy is 0.44070000000000004

One of the best validation accuracy found.

Epoch 24/34
----------
Loss after 2899168 examples: 1.362
Loss after 2918368 examples: 1.460
Loss after 2937568 examples: 1.391
Loss after 2956768 examples: 1.447
Loss after 2975968 examples: 1.276
Loss after 2995168 examples: 1.206
Train Accuracy tensor(0.5133, dtype=torch.float64)
Validation Loss is 1.8024934814453124
Validation Accuracy is 0.4383

One of the best validation accuracy found.

Epoch 25/34
----------
Loss after 3014368 examples: 1.674
Loss after 3033568 examples: 1.559
Loss after 3052768 examples: 1.307
Loss after 3071968 examples: 1.494
Loss after 3091168 examples: 1.572
Loss after 3110368 examples: 1.529
Train Accuracy tensor(0.5148, dtype=torch.float64)
Validation Loss is 1.808758687400818
Validation Accuracy is 0.43620000000000003

One of the best validation accuracy found.

Epoch 26/34
----------
Loss after 3129568 examples: 1.842
Loss after 3148768 examples: 1.303
Loss after 3167968 examples: 1.219
Loss after 3187168 examples: 1.488
Loss after 3206368 examples: 1.514
Loss after 3225568 examples: 1.444
Train Accuracy tensor(0.5149, dtype=torch.float64)
Validation Loss is 1.8125678106307983
Validation Accuracy is 0.43770000000000003

One of the best validation accuracy found.

Epoch 27/34
----------
Loss after 3244768 examples: 1.379
Loss after 3263968 examples: 1.463
Loss after 3283168 examples: 1.315
Loss after 3302368 examples: 1.399
Loss after 3321568 examples: 1.414
Loss after 3340768 examples: 1.363
Loss after 3359968 examples: 1.571
Train Accuracy tensor(0.5150, dtype=torch.float64)
Validation Loss is 1.8166387786865235
Validation Accuracy is 0.4389

One of the best validation accuracy found.

Epoch 28/34
----------
Loss after 3379168 examples: 1.495
Loss after 3398368 examples: 1.179
Loss after 3417568 examples: 1.178
Loss after 3436768 examples: 1.181
Loss after 3455968 examples: 1.237
Loss after 3475168 examples: 2.012
Train Accuracy tensor(0.5163, dtype=torch.float64)
Validation Loss is 1.813190620803833
Validation Accuracy is 0.4325

One of the best validation accuracy found.

Epoch 29/34
----------
Loss after 3494368 examples: 1.509
Loss after 3513568 examples: 1.594
Loss after 3532768 examples: 0.914
Loss after 3551968 examples: 1.392
Loss after 3571168 examples: 1.552
Loss after 3590368 examples: 1.580
Train Accuracy tensor(0.5167, dtype=torch.float64)
Validation Loss is 1.8175132564544678
Validation Accuracy is 0.43760000000000004

One of the best validation accuracy found.

Epoch 30/34
----------
Loss after 3609568 examples: 1.785
Loss after 3628768 examples: 1.377
Loss after 3647968 examples: 1.345
Loss after 3667168 examples: 1.207
Loss after 3686368 examples: 1.282
Loss after 3705568 examples: 1.225
Train Accuracy tensor(0.5189, dtype=torch.float64)
Validation Loss is 1.8272109827041625
Validation Accuracy is 0.434

One of the best validation accuracy found.

Epoch 31/34
----------
Loss after 3724768 examples: 1.267
Loss after 3743968 examples: 1.748
Loss after 3763168 examples: 1.507
Loss after 3782368 examples: 1.447
Loss after 3801568 examples: 1.180
Loss after 3820768 examples: 1.104
Loss after 3839968 examples: 1.260
Train Accuracy tensor(0.5206, dtype=torch.float64)
Validation Loss is 1.826910840034485
Validation Accuracy is 0.43570000000000003

One of the best validation accuracy found.

Epoch 32/34
----------
Loss after 3859168 examples: 1.434
Loss after 3878368 examples: 1.287
Loss after 3897568 examples: 1.380
Loss after 3916768 examples: 1.556
Loss after 3935968 examples: 1.481
Loss after 3955168 examples: 1.711
Train Accuracy tensor(0.5209, dtype=torch.float64)
Validation Loss is 1.8363393100738525
Validation Accuracy is 0.4319

One of the best validation accuracy found.

Epoch 33/34
----------
Loss after 3974368 examples: 1.120
Loss after 3993568 examples: 1.332
Loss after 4012768 examples: 1.463
Loss after 4031968 examples: 1.484
Loss after 4051168 examples: 1.316
Loss after 4070368 examples: 1.526
Train Accuracy tensor(0.5209, dtype=torch.float64)
Validation Loss is 1.8340154598236085
Validation Accuracy is 0.4309

One of the best validation accuracy found.

Epoch 34/34
----------
Loss after 4089568 examples: 1.321
Loss after 4108768 examples: 1.508
Loss after 4127968 examples: 1.358
Loss after 4147168 examples: 1.175
Loss after 4166368 examples: 1.640
Loss after 4185568 examples: 1.153
Train Accuracy tensor(0.5228, dtype=torch.float64)
Validation Loss is 1.8438474109649658
Validation Accuracy is 0.4292

One of the best validation accuracy found.

Training complete in 122m 5s
Test Loss is 1.8464384469971908
Test Accuracy is 0.4315679986131577
