cuda
141537
{'Atelectasis': 0, 'Cardiomegaly': 1, 'Consolidation': 2, 'Edema': 3, 'Effusion': 4, 'Emphysema': 5, 'Fibrosis': 6, 'Hernia': 7, 'Infiltration': 8, 'Mass': 9, 'No Finding': 10, 'Nodule': 11, 'Pleural_Thickening': 12, 'Pneumonia': 13, 'Pneumothorax': 14}
SqueezeNet(
  (features): Sequential(
    (0): Conv2d(3, 96, kernel_size=(7, 7), stride=(2, 2))
    (1): ReLU(inplace=True)
    (2): MaxPool2d(kernel_size=3, stride=2, padding=0, dilation=1, ceil_mode=True)
    (3): Fire(
      (squeeze): Conv2d(96, 16, kernel_size=(1, 1), stride=(1, 1))
      (squeeze_activation): ReLU(inplace=True)
      (expand1x1): Conv2d(16, 64, kernel_size=(1, 1), stride=(1, 1), groups=16)
      (expand1x1_activation): ReLU(inplace=True)
      (expand3x3): Conv2d(16, 64, kernel_size=(3, 3), stride=(1, 1), padding=(1, 1), groups=16)
      (expand3x3_activation): ReLU(inplace=True)
    )
    (4): Fire(
      (squeeze): Conv2d(128, 16, kernel_size=(1, 1), stride=(1, 1))
      (squeeze_activation): ReLU(inplace=True)
      (expand1x1): Conv2d(16, 64, kernel_size=(1, 1), stride=(1, 1), groups=16)
      (expand1x1_activation): ReLU(inplace=True)
      (expand3x3): Conv2d(16, 64, kernel_size=(3, 3), stride=(1, 1), padding=(1, 1), groups=16)
      (expand3x3_activation): ReLU(inplace=True)
    )
    (5): Fire(
      (squeeze): Conv2d(128, 32, kernel_size=(1, 1), stride=(1, 1))
      (squeeze_activation): ReLU(inplace=True)
      (expand1x1): Conv2d(32, 128, kernel_size=(1, 1), stride=(1, 1), groups=32)
      (expand1x1_activation): ReLU(inplace=True)
      (expand3x3): Conv2d(32, 128, kernel_size=(3, 3), stride=(1, 1), padding=(1, 1), groups=32)
      (expand3x3_activation): ReLU(inplace=True)
    )
    (6): MaxPool2d(kernel_size=3, stride=2, padding=0, dilation=1, ceil_mode=True)
    (7): Fire(
      (squeeze): Conv2d(256, 32, kernel_size=(1, 1), stride=(1, 1))
      (squeeze_activation): ReLU(inplace=True)
      (expand1x1): Conv2d(32, 128, kernel_size=(1, 1), stride=(1, 1), groups=32)
      (expand1x1_activation): ReLU(inplace=True)
      (expand3x3): Conv2d(32, 128, kernel_size=(3, 3), stride=(1, 1), padding=(1, 1), groups=32)
      (expand3x3_activation): ReLU(inplace=True)
    )
    (8): Fire(
      (squeeze): Conv2d(256, 48, kernel_size=(1, 1), stride=(1, 1))
      (squeeze_activation): ReLU(inplace=True)
      (expand1x1): Conv2d(48, 192, kernel_size=(1, 1), stride=(1, 1), groups=48)
      (expand1x1_activation): ReLU(inplace=True)
      (expand3x3): Conv2d(48, 192, kernel_size=(3, 3), stride=(1, 1), padding=(1, 1), groups=48)
      (expand3x3_activation): ReLU(inplace=True)
    )
    (9): Fire(
      (squeeze): Conv2d(384, 48, kernel_size=(1, 1), stride=(1, 1))
      (squeeze_activation): ReLU(inplace=True)
      (expand1x1): Conv2d(48, 192, kernel_size=(1, 1), stride=(1, 1), groups=48)
      (expand1x1_activation): ReLU(inplace=True)
      (expand3x3): Conv2d(48, 192, kernel_size=(3, 3), stride=(1, 1), padding=(1, 1), groups=48)
      (expand3x3_activation): ReLU(inplace=True)
    )
    (10): Fire(
      (squeeze): Conv2d(384, 64, kernel_size=(1, 1), stride=(1, 1))
      (squeeze_activation): ReLU(inplace=True)
      (expand1x1): Conv2d(64, 256, kernel_size=(1, 1), stride=(1, 1), groups=64)
      (expand1x1_activation): ReLU(inplace=True)
      (expand3x3): Conv2d(64, 256, kernel_size=(3, 3), stride=(1, 1), padding=(1, 1), groups=64)
      (expand3x3_activation): ReLU(inplace=True)
    )
    (11): MaxPool2d(kernel_size=3, stride=2, padding=0, dilation=1, ceil_mode=True)
    (12): Fire(
      (squeeze): Conv2d(512, 64, kernel_size=(1, 1), stride=(1, 1))
      (squeeze_activation): ReLU(inplace=True)
      (expand1x1): Conv2d(64, 256, kernel_size=(1, 1), stride=(1, 1), groups=64)
      (expand1x1_activation): ReLU(inplace=True)
      (expand3x3): Conv2d(64, 256, kernel_size=(3, 3), stride=(1, 1), padding=(1, 1), groups=64)
      (expand3x3_activation): ReLU(inplace=True)
    )
  )
  (classifier): Sequential(
    (0): Dropout(p=0.5, inplace=False)
    (1): Conv2d(512, 15, kernel_size=(1, 1), stride=(1, 1))
    (2): AdaptiveAvgPool2d(output_size=(1, 1))
  )
)
Epoch 0/44
----------
Loss after 25536 examples: 1.841
Loss after 51136 examples: 2.077
Loss after 76736 examples: 1.774
Loss after 102336 examples: 2.228
Train Accuracy tensor(0.4277, dtype=torch.float64)
Validation Loss is 1.8959802059173585
Validation Accuracy is 0.4269

Epoch 1/44
----------
Loss after 127936 examples: 1.750
Loss after 153536 examples: 1.837
Loss after 179136 examples: 2.029
Loss after 204736 examples: 1.537
Loss after 230336 examples: 1.849
Train Accuracy tensor(0.4353, dtype=torch.float64)
Validation Loss is 1.8389719081878662
Validation Accuracy is 0.4393

Epoch 2/44
----------
Loss after 255936 examples: 1.915
Loss after 281536 examples: 1.556
Loss after 307136 examples: 1.990
Loss after 332736 examples: 1.651
Loss after 358336 examples: 1.614
Train Accuracy tensor(0.4412, dtype=torch.float64)
Validation Loss is 1.8353620571136475
Validation Accuracy is 0.44

Epoch 3/44
----------
Loss after 383936 examples: 1.835
Loss after 409536 examples: 1.836
Loss after 435136 examples: 1.820
Loss after 460736 examples: 1.789
Train Accuracy tensor(0.4463, dtype=torch.float64)
Validation Loss is 1.8063396877288818
Validation Accuracy is 0.4388

Epoch 4/44
----------
Loss after 486336 examples: 1.572
Loss after 511936 examples: 1.415
Loss after 537536 examples: 1.961
Loss after 563136 examples: 1.930
Loss after 588736 examples: 1.739
Train Accuracy tensor(0.4484, dtype=torch.float64)
Validation Loss is 1.8084871068954467
Validation Accuracy is 0.43860000000000005

Epoch 5/44
----------
Loss after 614336 examples: 1.859
Loss after 639936 examples: 1.772
Loss after 665536 examples: 1.768
Loss after 691136 examples: 1.790
Loss after 716736 examples: 1.942
Train Accuracy tensor(0.4504, dtype=torch.float64)
Validation Loss is 1.7770646299362183
Validation Accuracy is 0.45020000000000004

Epoch 6/44
----------
Loss after 742336 examples: 1.933
Loss after 767936 examples: 1.743
Loss after 793536 examples: 1.787
Loss after 819136 examples: 1.543
Train Accuracy tensor(0.4518, dtype=torch.float64)
Validation Loss is 1.76938826713562
Validation Accuracy is 0.44870000000000004

Epoch 7/44
----------
Loss after 844736 examples: 1.769
Loss after 870336 examples: 1.575
Loss after 895936 examples: 1.687
Loss after 921536 examples: 1.854
Loss after 947136 examples: 1.919
Train Accuracy tensor(0.4535, dtype=torch.float64)
Validation Loss is 1.7841955429077148
Validation Accuracy is 0.4476

Epoch 8/44
----------
Loss after 972736 examples: 1.591
Loss after 998336 examples: 1.905
Loss after 1023936 examples: 1.783
Loss after 1049536 examples: 1.642
Loss after 1075136 examples: 1.591
Train Accuracy tensor(0.4547, dtype=torch.float64)
Validation Loss is 1.7615507751464843
Validation Accuracy is 0.44730000000000003

Epoch 9/44
----------
Loss after 1100736 examples: 2.091
Loss after 1126336 examples: 1.797
Loss after 1151936 examples: 1.626
Loss after 1177536 examples: 1.842
Train Accuracy tensor(0.4559, dtype=torch.float64)
Validation Loss is 1.7570244821548462
Validation Accuracy is 0.449

Epoch 10/44
----------
Loss after 1203136 examples: 1.734
Loss after 1228736 examples: 1.846
Loss after 1254336 examples: 2.050
Loss after 1279936 examples: 1.876
Loss after 1305536 examples: 1.557
Train Accuracy tensor(0.4577, dtype=torch.float64)
Validation Loss is 1.774548557281494
Validation Accuracy is 0.44870000000000004

Epoch 11/44
----------
Loss after 1331136 examples: 1.946
Loss after 1356736 examples: 1.491
Loss after 1382336 examples: 1.923
Loss after 1407936 examples: 1.541
Loss after 1433536 examples: 1.788
Train Accuracy tensor(0.4577, dtype=torch.float64)
Validation Loss is 1.7579254638671875
Validation Accuracy is 0.4451

Epoch 12/44
----------
Loss after 1459136 examples: 1.648
Loss after 1484736 examples: 1.541
Loss after 1510336 examples: 1.828
Loss after 1535936 examples: 1.708
Train Accuracy tensor(0.4587, dtype=torch.float64)
Validation Loss is 1.7468266794204712
Validation Accuracy is 0.4491

Epoch 13/44
----------
Loss after 1561536 examples: 1.751
Loss after 1587136 examples: 1.746
Loss after 1612736 examples: 1.573
Loss after 1638336 examples: 1.987
Loss after 1663936 examples: 1.573
Train Accuracy tensor(0.4587, dtype=torch.float64)
Validation Loss is 1.7450997333526612
Validation Accuracy is 0.4525

Epoch 14/44
----------
Loss after 1689536 examples: 1.698
Loss after 1715136 examples: 1.821
Loss after 1740736 examples: 1.849
Loss after 1766336 examples: 1.559
Loss after 1791936 examples: 1.930
Train Accuracy tensor(0.4595, dtype=torch.float64)
Validation Loss is 1.7460326307296752
Validation Accuracy is 0.4476

Epoch 15/44
----------
Loss after 1817536 examples: 1.584
Loss after 1843136 examples: 1.717
Loss after 1868736 examples: 1.846
Loss after 1894336 examples: 1.789
Loss after 1919936 examples: 1.893
Train Accuracy tensor(0.4605, dtype=torch.float64)
Validation Loss is 1.7522792066574098
Validation Accuracy is 0.4539

Epoch 16/44
----------
Loss after 1945536 examples: 1.604
Loss after 1971136 examples: 1.772
Loss after 1996736 examples: 1.899
Loss after 2022336 examples: 1.594
Train Accuracy tensor(0.4619, dtype=torch.float64)
Validation Loss is 1.745202606010437
Validation Accuracy is 0.4504

Epoch 17/44
----------
Loss after 2047936 examples: 1.650
Loss after 2073536 examples: 1.715
Loss after 2099136 examples: 1.763
Loss after 2124736 examples: 2.159
Loss after 2150336 examples: 2.123
Train Accuracy tensor(0.4625, dtype=torch.float64)
Validation Loss is 1.7441163681030274
Validation Accuracy is 0.45070000000000005

Epoch 18/44
----------
Loss after 2175936 examples: 1.532
Loss after 2201536 examples: 1.472
Loss after 2227136 examples: 1.750
Loss after 2252736 examples: 1.575
Loss after 2278336 examples: 1.549
Train Accuracy tensor(0.4620, dtype=torch.float64)
Validation Loss is 1.7513729797363282
Validation Accuracy is 0.4469

Epoch 19/44
----------
Loss after 2303936 examples: 1.753
Loss after 2329536 examples: 1.681
Loss after 2355136 examples: 1.779
Loss after 2380736 examples: 1.626
Train Accuracy tensor(0.4631, dtype=torch.float64)
Validation Loss is 1.7491919647216796
Validation Accuracy is 0.4489

Epoch 20/44
----------
Loss after 2406336 examples: 1.923
Loss after 2431936 examples: 1.753
Loss after 2457536 examples: 1.664
Loss after 2483136 examples: 1.682
Loss after 2508736 examples: 1.572
Train Accuracy tensor(0.4640, dtype=torch.float64)
Validation Loss is 1.7392459190368652
Validation Accuracy is 0.4505

Epoch 21/44
----------
Loss after 2534336 examples: 1.582
Loss after 2559936 examples: 1.665
Loss after 2585536 examples: 1.699
Loss after 2611136 examples: 1.913
Loss after 2636736 examples: 1.657
Train Accuracy tensor(0.4637, dtype=torch.float64)
Validation Loss is 1.7458060009002685
Validation Accuracy is 0.4521

Epoch 22/44
----------
Loss after 2662336 examples: 1.720
Loss after 2687936 examples: 1.813
Loss after 2713536 examples: 1.471
Loss after 2739136 examples: 1.562
Train Accuracy tensor(0.4649, dtype=torch.float64)
Validation Loss is 1.737771109008789
Validation Accuracy is 0.4521

Epoch 23/44
----------
Loss after 2764736 examples: 1.484
Loss after 2790336 examples: 1.482
Loss after 2815936 examples: 1.948
Loss after 2841536 examples: 1.497
Loss after 2867136 examples: 1.626
Train Accuracy tensor(0.4664, dtype=torch.float64)
Validation Loss is 1.7377824388504028
Validation Accuracy is 0.4524

Epoch 24/44
----------
Loss after 2892736 examples: 1.684
Loss after 2918336 examples: 1.747
Loss after 2943936 examples: 1.745
Loss after 2969536 examples: 1.679
Loss after 2995136 examples: 1.665
Train Accuracy tensor(0.4655, dtype=torch.float64)
Validation Loss is 1.7436234115600586
Validation Accuracy is 0.4536

Epoch 25/44
----------
Loss after 3020736 examples: 2.043
Loss after 3046336 examples: 2.049
Loss after 3071936 examples: 1.770
Loss after 3097536 examples: 1.690
Train Accuracy tensor(0.4663, dtype=torch.float64)
Validation Loss is 1.7286162160873413
Validation Accuracy is 0.4536

Epoch 26/44
----------
Loss after 3123136 examples: 1.955
Loss after 3148736 examples: 1.629
Loss after 3174336 examples: 1.770
Loss after 3199936 examples: 1.852
Loss after 3225536 examples: 1.795
Train Accuracy tensor(0.4667, dtype=torch.float64)
Validation Loss is 1.7403927688598633
Validation Accuracy is 0.4515

Epoch 27/44
----------
Loss after 3251136 examples: 1.749
Loss after 3276736 examples: 1.380
Loss after 3302336 examples: 1.560
Loss after 3327936 examples: 1.464
Loss after 3353536 examples: 1.825
Train Accuracy tensor(0.4676, dtype=torch.float64)
Validation Loss is 1.7364582578659058
Validation Accuracy is 0.4525

Epoch 28/44
----------
Loss after 3379136 examples: 1.940
Loss after 3404736 examples: 1.671
Loss after 3430336 examples: 1.703
Loss after 3455936 examples: 1.536
Train Accuracy tensor(0.4671, dtype=torch.float64)
Validation Loss is 1.7399588390350342
Validation Accuracy is 0.45070000000000005

Epoch 29/44
----------
Loss after 3481536 examples: 1.641
Loss after 3507136 examples: 1.852
Loss after 3532736 examples: 1.585
Loss after 3558336 examples: 1.592
Loss after 3583936 examples: 1.521
Train Accuracy tensor(0.4680, dtype=torch.float64)
Validation Loss is 1.7367792043685912
Validation Accuracy is 0.4529

Epoch 30/44
----------
Loss after 3609536 examples: 1.859
Loss after 3635136 examples: 1.860
Loss after 3660736 examples: 1.647
Loss after 3686336 examples: 1.603
Loss after 3711936 examples: 1.477
Train Accuracy tensor(0.4680, dtype=torch.float64)
Validation Loss is 1.7394356586456299
Validation Accuracy is 0.45270000000000005

Epoch 31/44
----------
Loss after 3737536 examples: 1.811
Loss after 3763136 examples: 1.662
Loss after 3788736 examples: 1.401
Loss after 3814336 examples: 1.630
Loss after 3839936 examples: 1.599
Train Accuracy tensor(0.4685, dtype=torch.float64)
Validation Loss is 1.7422355110168457
Validation Accuracy is 0.45180000000000003

Epoch 32/44
----------
Loss after 3865536 examples: 1.753
Loss after 3891136 examples: 1.620
Loss after 3916736 examples: 1.467
Loss after 3942336 examples: 1.566
Train Accuracy tensor(0.4686, dtype=torch.float64)
Validation Loss is 1.7465482126235963
Validation Accuracy is 0.4464

Epoch 33/44
----------
Loss after 3967936 examples: 1.791
Loss after 3993536 examples: 1.496
Loss after 4019136 examples: 1.416
Loss after 4044736 examples: 1.826
Loss after 4070336 examples: 1.517
Train Accuracy tensor(0.4701, dtype=torch.float64)
Validation Loss is 1.744303959465027
Validation Accuracy is 0.4534

Epoch 34/44
----------
Loss after 4095936 examples: 1.889
Loss after 4121536 examples: 1.637
Loss after 4147136 examples: 1.821
Loss after 4172736 examples: 1.450
Loss after 4198336 examples: 1.623
Train Accuracy tensor(0.4702, dtype=torch.float64)
Validation Loss is 1.7545257183074952
Validation Accuracy is 0.4495

Epoch 35/44
----------
Loss after 4223936 examples: 1.566
Loss after 4249536 examples: 1.722
Loss after 4275136 examples: 1.575
Loss after 4300736 examples: 1.896
Train Accuracy tensor(0.4700, dtype=torch.float64)
Validation Loss is 1.7344040784835815
Validation Accuracy is 0.45230000000000004

Epoch 36/44
----------
Loss after 4326336 examples: 1.358
Loss after 4351936 examples: 1.582
Loss after 4377536 examples: 1.491
Loss after 4403136 examples: 1.672
Loss after 4428736 examples: 1.608
Train Accuracy tensor(0.4697, dtype=torch.float64)
Validation Loss is 1.735384741973877
Validation Accuracy is 0.4549

Epoch 37/44
----------
Loss after 4454336 examples: 1.559
Loss after 4479936 examples: 1.540
Loss after 4505536 examples: 1.602
Loss after 4531136 examples: 1.311
Loss after 4556736 examples: 1.595
Train Accuracy tensor(0.4697, dtype=torch.float64)
Validation Loss is 1.7400263980865478
Validation Accuracy is 0.4515

Epoch 38/44
----------
Loss after 4582336 examples: 1.618
Loss after 4607936 examples: 1.847
Loss after 4633536 examples: 1.450
Loss after 4659136 examples: 1.789
Train Accuracy tensor(0.4703, dtype=torch.float64)
Validation Loss is 1.7356163455963134
Validation Accuracy is 0.45530000000000004

Epoch 39/44
----------
Loss after 4684736 examples: 1.596
Loss after 4710336 examples: 1.782
Loss after 4735936 examples: 1.489
Loss after 4761536 examples: 1.529
Loss after 4787136 examples: 1.575
Train Accuracy tensor(0.4715, dtype=torch.float64)
Validation Loss is 1.7400827085494994
Validation Accuracy is 0.4501

Epoch 40/44
----------
Loss after 4812736 examples: 1.744
Loss after 4838336 examples: 1.863
Loss after 4863936 examples: 1.633
Loss after 4889536 examples: 1.930
Loss after 4915136 examples: 1.355
Train Accuracy tensor(0.4713, dtype=torch.float64)
Validation Loss is 1.736311975479126
Validation Accuracy is 0.4505

Epoch 41/44
----------
Loss after 4940736 examples: 1.295
Loss after 4966336 examples: 1.735
Loss after 4991936 examples: 1.654
Loss after 5017536 examples: 1.588
Train Accuracy tensor(0.4724, dtype=torch.float64)
Validation Loss is 1.7440779708862304
Validation Accuracy is 0.45230000000000004

Epoch 42/44
----------
Loss after 5043136 examples: 1.681
Loss after 5068736 examples: 1.564
Loss after 5094336 examples: 1.542
Loss after 5119936 examples: 1.697
Loss after 5145536 examples: 1.681
Train Accuracy tensor(0.4715, dtype=torch.float64)
Validation Loss is 1.7427489959716798
Validation Accuracy is 0.44930000000000003

Epoch 43/44
----------
Loss after 5171136 examples: 1.650
Loss after 5196736 examples: 1.504
Loss after 5222336 examples: 1.540
Loss after 5247936 examples: 1.651
Loss after 5273536 examples: 1.593
Train Accuracy tensor(0.4715, dtype=torch.float64)
Validation Loss is 1.7309476696014405
Validation Accuracy is 0.45170000000000005

Epoch 44/44
----------
Loss after 5299136 examples: 1.607
Loss after 5324736 examples: 1.662
Loss after 5350336 examples: 1.404
Loss after 5375936 examples: 1.589
Train Accuracy tensor(0.4719, dtype=torch.float64)
Validation Loss is 1.740898609161377
Validation Accuracy is 0.452

Training complete in 172m 33s
Test Loss is 1.7344784131958981
Test Accuracy is 0.4571379041345237
